#
# There is insufficient memory for the Java Runtime Environment to continue.
# Native memory allocation (malloc) failed to allocate 2319872 bytes for Chunk::new
# Possible reasons:
#   The system is out of physical RAM or swap space
#   The process is running with CompressedOops enabled, and the Java Heap may be blocking the growth of the native heap
# Possible solutions:
#   Reduce memory load on the system
#   Increase physical memory or swap space
#   Check if swap backing store is full
#   Decrease Java heap size (-Xmx/-Xms)
#   Decrease number of Java threads
#   Decrease Java thread stack sizes (-Xss)
#   Set larger code cache with -XX:ReservedCodeCacheSize=
#   JVM is running with Unscaled Compressed Oops mode in which the Java heap is
#     placed in the first 4GB address space. The Java Heap base address is the
#     maximum limit for the native heap growth. Please use -XX:HeapBaseMinAddress
#     to set the Java Heap base and to place the Java Heap above 4GB virtual address.
# This output file may be truncated or incomplete.
#
#  Out of Memory Error (arena.cpp:168), pid=5228, tid=23540
#
# JRE version: Java(TM) SE Runtime Environment (21.0.1+12) (build 21.0.1+12-LTS-29)
# Java VM: Java HotSpot(TM) 64-Bit Server VM (21.0.1+12-LTS-29, mixed mode, sharing, tiered, compressed oops, compressed class ptrs, g1 gc, windows-amd64)
# No core dump will be written. Minidumps are not enabled by default on client versions of Windows
#

---------------  S U M M A R Y ------------

Command Line: -Dfile.encoding=UTF-8 --module-path=C:\Users\Aman and Rhanee\Downloads\javafx-sdk-21.0.1\lib --add-modules=javafx.controls,javafx.fxml javafxtesting.JavaFXTesting

Host: Intel(R) Core(TM) i5-8300H CPU @ 2.30GHz, 8 cores, 7G,  Windows 10 , 64 bit Build 19041 (10.0.19041.3636)
Time: Wed Jan  3 00:21:42 2024 Malay Peninsula Standard Time elapsed time: 7.839856 seconds (0d 0h 0m 7s)

---------------  T H R E A D  ---------------

Current thread (0x0000014dd904b210):  JavaThread "C2 CompilerThread0" daemon [_thread_in_native, id=23540, stack(0x0000001d2bc00000,0x0000001d2bd00000) (1024K)]


Current CompileTask:
C2:   7839 3425 %     4       com.sun.marlin.Renderer::_endRendering @ 2076 (2639 bytes)

Stack: [0x0000001d2bc00000,0x0000001d2bd00000]
Native frames: (J=compiled Java code, j=interpreted, Vv=VM code, C=native code)
V  [jvm.dll+0x6c9029]
V  [jvm.dll+0x854b81]
V  [jvm.dll+0x856e5e]
V  [jvm.dll+0x857543]
V  [jvm.dll+0x280c06]
V  [jvm.dll+0xc3ead]
V  [jvm.dll+0xc43c3]
V  [jvm.dll+0x3b576c]
V  [jvm.dll+0x1e20b9]
V  [jvm.dll+0x249c22]
V  [jvm.dll+0x2490b1]
V  [jvm.dll+0x1c9ca1]
V  [jvm.dll+0x2586b9]
V  [jvm.dll+0x256c9a]
V  [jvm.dll+0x3ef1b6]
V  [jvm.dll+0x7fd728]
V  [jvm.dll+0x6c777d]
C  [ucrtbase.dll+0x21bb2]
C  [KERNEL32.DLL+0x17344]
C  [ntdll.dll+0x526b1]


---------------  P R O C E S S  ---------------

Threads class SMR info:
_java_thread_list=0x0000014dd98b36d0, length=19, elements={
0x0000014dba547d50, 0x0000014dd9036880, 0x0000014dd90377a0, 0x0000014dd903d800,
0x0000014dd903e260, 0x0000014dd903ecc0, 0x0000014dd903f720, 0x0000014dd904b210,
0x0000014dd90558e0, 0x0000014dd9000250, 0x0000014dd9d180f0, 0x0000014dd959e120,
0x0000014e1f9f3010, 0x0000014e1f0ad5d0, 0x0000014e1fb197d0, 0x0000014dd9427370,
0x0000014dd9bc11e0, 0x0000014dd92d3640, 0x0000014e294e2700
}

Java Threads: ( => current thread )
  0x0000014dba547d50 JavaThread "main"                              [_thread_blocked, id=25772, stack(0x0000001d2ae00000,0x0000001d2af00000) (1024K)]
  0x0000014dd9036880 JavaThread "Reference Handler"          daemon [_thread_blocked, id=13416, stack(0x0000001d2b600000,0x0000001d2b700000) (1024K)]
  0x0000014dd90377a0 JavaThread "Finalizer"                  daemon [_thread_blocked, id=25288, stack(0x0000001d2b700000,0x0000001d2b800000) (1024K)]
  0x0000014dd903d800 JavaThread "Signal Dispatcher"          daemon [_thread_blocked, id=15700, stack(0x0000001d2b800000,0x0000001d2b900000) (1024K)]
  0x0000014dd903e260 JavaThread "Attach Listener"            daemon [_thread_blocked, id=11528, stack(0x0000001d2b900000,0x0000001d2ba00000) (1024K)]
  0x0000014dd903ecc0 JavaThread "Service Thread"             daemon [_thread_blocked, id=20940, stack(0x0000001d2ba00000,0x0000001d2bb00000) (1024K)]
  0x0000014dd903f720 JavaThread "Monitor Deflation Thread"   daemon [_thread_blocked, id=2380, stack(0x0000001d2bb00000,0x0000001d2bc00000) (1024K)]
=>0x0000014dd904b210 JavaThread "C2 CompilerThread0"         daemon [_thread_in_native, id=23540, stack(0x0000001d2bc00000,0x0000001d2bd00000) (1024K)]
  0x0000014dd90558e0 JavaThread "C1 CompilerThread0"         daemon [_thread_blocked, id=18484, stack(0x0000001d2bd00000,0x0000001d2be00000) (1024K)]
  0x0000014dd9000250 JavaThread "Common-Cleaner"             daemon [_thread_blocked, id=25352, stack(0x0000001d2be00000,0x0000001d2bf00000) (1024K)]
  0x0000014dd9d180f0 JavaThread "Notification Thread"        daemon [_thread_blocked, id=20668, stack(0x0000001d2c100000,0x0000001d2c200000) (1024K)]
  0x0000014dd959e120 JavaThread "QuantumRenderer-0"          daemon [_thread_blocked, id=13748, stack(0x0000001d2c200000,0x0000001d2c300000) (1024K)]
  0x0000014e1f9f3010 JavaThread "InvokeLaterDispatcher"      daemon [_thread_blocked, id=15512, stack(0x0000001d2c300000,0x0000001d2c400000) (1024K)]
  0x0000014e1f0ad5d0 JavaThread "JavaFX Application Thread"         [_thread_in_Java, id=24840, stack(0x0000001d2c400000,0x0000001d2c500000) (1024K)]
  0x0000014e1fb197d0 JavaThread "JavaFX-Launcher"                   [_thread_blocked, id=24960, stack(0x0000001d2c900000,0x0000001d2ca00000) (1024K)]
  0x0000014dd9427370 JavaThread "Thread-2"                   daemon [_thread_in_native, id=24172, stack(0x0000001d2c800000,0x0000001d2c900000) (1024K)]
  0x0000014dd9bc11e0 JavaThread "Prism Font Disposer"        daemon [_thread_blocked, id=12792, stack(0x0000001d2d200000,0x0000001d2d300000) (1024K)]
  0x0000014dd92d3640 JavaThread "Cleaner-0"                  daemon [_thread_blocked, id=16512, stack(0x0000001d2bf00000,0x0000001d2c000000) (1024K)]
  0x0000014e294e2700 JavaThread "C2 CompilerThread1"         daemon [_thread_in_native, id=24268, stack(0x0000001d2c000000,0x0000001d2c100000) (1024K)]
Total: 19

Other Threads:
  0x0000014dd9014f60 VMThread "VM Thread"                           [id=1000, stack(0x0000001d2b500000,0x0000001d2b600000) (1024K)]
  0x0000014dd8fff670 WatcherThread "VM Periodic Task Thread"        [id=21400, stack(0x0000001d2b400000,0x0000001d2b500000) (1024K)]
  0x0000014dbc716d70 WorkerThread "GC Thread#0"                     [id=8948, stack(0x0000001d2af00000,0x0000001d2b000000) (1024K)]
  0x0000014e1f8e47b0 WorkerThread "GC Thread#1"                     [id=21524, stack(0x0000001d2ca00000,0x0000001d2cb00000) (1024K)]
  0x0000014e1f8e4b50 WorkerThread "GC Thread#2"                     [id=25884, stack(0x0000001d2cb00000,0x0000001d2cc00000) (1024K)]
  0x0000014e1f8e5d70 WorkerThread "GC Thread#3"                     [id=2216, stack(0x0000001d2cc00000,0x0000001d2cd00000) (1024K)]
  0x0000014e1f8e5290 WorkerThread "GC Thread#4"                     [id=4628, stack(0x0000001d2cd00000,0x0000001d2ce00000) (1024K)]
  0x0000014e1f8e59d0 WorkerThread "GC Thread#5"                     [id=22044, stack(0x0000001d2ce00000,0x0000001d2cf00000) (1024K)]
  0x0000014e1fbc2410 WorkerThread "GC Thread#6"                     [id=10208, stack(0x0000001d2d300000,0x0000001d2d400000) (1024K)]
  0x0000014e1fbc5330 WorkerThread "GC Thread#7"                     [id=16672, stack(0x0000001d2d400000,0x0000001d2d500000) (1024K)]
  0x0000014dbc727b40 ConcurrentGCThread "G1 Main Marker"            [id=12048, stack(0x0000001d2b000000,0x0000001d2b100000) (1024K)]
  0x0000014dbc729df0 WorkerThread "G1 Conc#0"                       [id=26244, stack(0x0000001d2b100000,0x0000001d2b200000) (1024K)]
  0x0000014dd8ec20c0 ConcurrentGCThread "G1 Refine#0"               [id=23848, stack(0x0000001d2b200000,0x0000001d2b300000) (1024K)]
  0x0000014dbc79b9c0 ConcurrentGCThread "G1 Service"                [id=17108, stack(0x0000001d2b300000,0x0000001d2b400000) (1024K)]
Total: 14

Threads with active compile tasks:
C2 CompilerThread0     7871 3425 %     4       com.sun.marlin.Renderer::_endRendering @ 2076 (2639 bytes)
C2 CompilerThread1     7871 3459       4       java.lang.invoke.MethodType::methodType (69 bytes)
Total: 2

VM state: not at safepoint (normal execution)

VM Mutex/Monitor currently owned by a thread: None

Heap address: 0x0000000081e00000, size: 2018 MB, Compressed Oops mode: 32-bit

CDS archive(s) mapped at: [0x0000014dda000000-0x0000014ddac90000-0x0000014ddac90000), size 13172736, SharedBaseAddress: 0x0000014dda000000, ArchiveRelocationMode: 1.
Compressed class space mapped at: 0x0000014ddb000000-0x0000014e1b000000, reserved size: 1073741824
Narrow klass base: 0x0000014dda000000, Narrow klass shift: 0, Narrow klass range: 0x100000000

GC Precious Log:
 CardTable entry size: 512
 Card Set container configuration: InlinePtr #cards 5 size 8 Array Of Cards #cards 12 size 40 Howl #buckets 4 coarsen threshold 1843 Howl Bitmap #cards 512 size 80 coarsen threshold 460 Card regions per heap region 1 cards per card region 2048
 CPUs: 8 total, 8 available
 Memory: 8066M
 Large Page Support: Disabled
 NUMA Support: Disabled
 Compressed Oops: Enabled (32-bit)
 Heap Region Size: 1M
 Heap Min Capacity: 8M
 Heap Initial Capacity: 128M
 Heap Max Capacity: 2018M
 Pre-touch: Disabled
 Parallel Workers: 8
 Concurrent Workers: 2
 Concurrent Refinement Workers: 8
 Periodic GC: Disabled

Heap:
 garbage-first heap   total 131072K, used 42130K [0x0000000081e00000, 0x0000000100000000)
  region size 1024K, 39 young (39936K), 4 survivors (4096K)
 Metaspace       used 18647K, committed 18944K, reserved 1114112K
  class space    used 2864K, committed 3008K, reserved 1048576K

Heap Regions: E=young(eden), S=young(survivor), O=old, HS=humongous(starts), HC=humongous(continues), CS=collection set, F=free, TAMS=top-at-mark-start, PB=parsable bottom
|   0|0x0000000081e00000, 0x0000000081f00000, 0x0000000081f00000|100%| O|  |TAMS 0x0000000081e00000| PB 0x0000000081e00000| Untracked 
|   1|0x0000000081f00000, 0x0000000082000000, 0x0000000082000000|100%| O|  |TAMS 0x0000000081f00000| PB 0x0000000081f00000| Untracked 
|   2|0x0000000082000000, 0x0000000082100000, 0x0000000082100000|100%| O|  |TAMS 0x0000000082000000| PB 0x0000000082000000| Untracked 
|   3|0x0000000082100000, 0x0000000082200000, 0x0000000082200000|100%|HS|  |TAMS 0x0000000082100000| PB 0x0000000082100000| Complete 
|   4|0x0000000082200000, 0x0000000082300000, 0x0000000082300000|100%|HC|  |TAMS 0x0000000082200000| PB 0x0000000082200000| Complete 
|   5|0x0000000082300000, 0x0000000082300000, 0x0000000082400000|  0%| F|  |TAMS 0x0000000082300000| PB 0x0000000082300000| Untracked 
|   6|0x0000000082400000, 0x0000000082400000, 0x0000000082500000|  0%| F|  |TAMS 0x0000000082400000| PB 0x0000000082400000| Untracked 
|   7|0x0000000082500000, 0x0000000082500000, 0x0000000082600000|  0%| F|  |TAMS 0x0000000082500000| PB 0x0000000082500000| Untracked 
|   8|0x0000000082600000, 0x0000000082600000, 0x0000000082700000|  0%| F|  |TAMS 0x0000000082600000| PB 0x0000000082600000| Untracked 
|   9|0x0000000082700000, 0x0000000082700000, 0x0000000082800000|  0%| F|  |TAMS 0x0000000082700000| PB 0x0000000082700000| Untracked 
|  10|0x0000000082800000, 0x0000000082800000, 0x0000000082900000|  0%| F|  |TAMS 0x0000000082800000| PB 0x0000000082800000| Untracked 
|  11|0x0000000082900000, 0x0000000082900000, 0x0000000082a00000|  0%| F|  |TAMS 0x0000000082900000| PB 0x0000000082900000| Untracked 
|  12|0x0000000082a00000, 0x0000000082a00000, 0x0000000082b00000|  0%| F|  |TAMS 0x0000000082a00000| PB 0x0000000082a00000| Untracked 
|  13|0x0000000082b00000, 0x0000000082b00000, 0x0000000082c00000|  0%| F|  |TAMS 0x0000000082b00000| PB 0x0000000082b00000| Untracked 
|  14|0x0000000082c00000, 0x0000000082c00000, 0x0000000082d00000|  0%| F|  |TAMS 0x0000000082c00000| PB 0x0000000082c00000| Untracked 
|  15|0x0000000082d00000, 0x0000000082d00000, 0x0000000082e00000|  0%| F|  |TAMS 0x0000000082d00000| PB 0x0000000082d00000| Untracked 
|  16|0x0000000082e00000, 0x0000000082e00000, 0x0000000082f00000|  0%| F|  |TAMS 0x0000000082e00000| PB 0x0000000082e00000| Untracked 
|  17|0x0000000082f00000, 0x0000000082f00000, 0x0000000083000000|  0%| F|  |TAMS 0x0000000082f00000| PB 0x0000000082f00000| Untracked 
|  18|0x0000000083000000, 0x0000000083000000, 0x0000000083100000|  0%| F|  |TAMS 0x0000000083000000| PB 0x0000000083000000| Untracked 
|  19|0x0000000083100000, 0x0000000083100000, 0x0000000083200000|  0%| F|  |TAMS 0x0000000083100000| PB 0x0000000083100000| Untracked 
|  20|0x0000000083200000, 0x0000000083200000, 0x0000000083300000|  0%| F|  |TAMS 0x0000000083200000| PB 0x0000000083200000| Untracked 
|  21|0x0000000083300000, 0x0000000083300000, 0x0000000083400000|  0%| F|  |TAMS 0x0000000083300000| PB 0x0000000083300000| Untracked 
|  22|0x0000000083400000, 0x0000000083400000, 0x0000000083500000|  0%| F|  |TAMS 0x0000000083400000| PB 0x0000000083400000| Untracked 
|  23|0x0000000083500000, 0x0000000083500000, 0x0000000083600000|  0%| F|  |TAMS 0x0000000083500000| PB 0x0000000083500000| Untracked 
|  24|0x0000000083600000, 0x0000000083600000, 0x0000000083700000|  0%| F|  |TAMS 0x0000000083600000| PB 0x0000000083600000| Untracked 
|  25|0x0000000083700000, 0x0000000083700000, 0x0000000083800000|  0%| F|  |TAMS 0x0000000083700000| PB 0x0000000083700000| Untracked 
|  26|0x0000000083800000, 0x0000000083800000, 0x0000000083900000|  0%| F|  |TAMS 0x0000000083800000| PB 0x0000000083800000| Untracked 
|  27|0x0000000083900000, 0x0000000083900000, 0x0000000083a00000|  0%| F|  |TAMS 0x0000000083900000| PB 0x0000000083900000| Untracked 
|  28|0x0000000083a00000, 0x0000000083a00000, 0x0000000083b00000|  0%| F|  |TAMS 0x0000000083a00000| PB 0x0000000083a00000| Untracked 
|  29|0x0000000083b00000, 0x0000000083b00000, 0x0000000083c00000|  0%| F|  |TAMS 0x0000000083b00000| PB 0x0000000083b00000| Untracked 
|  30|0x0000000083c00000, 0x0000000083c00000, 0x0000000083d00000|  0%| F|  |TAMS 0x0000000083c00000| PB 0x0000000083c00000| Untracked 
|  31|0x0000000083d00000, 0x0000000083d00000, 0x0000000083e00000|  0%| F|  |TAMS 0x0000000083d00000| PB 0x0000000083d00000| Untracked 
|  32|0x0000000083e00000, 0x0000000083e00000, 0x0000000083f00000|  0%| F|  |TAMS 0x0000000083e00000| PB 0x0000000083e00000| Untracked 
|  33|0x0000000083f00000, 0x0000000083f00000, 0x0000000084000000|  0%| F|  |TAMS 0x0000000083f00000| PB 0x0000000083f00000| Untracked 
|  34|0x0000000084000000, 0x0000000084000000, 0x0000000084100000|  0%| F|  |TAMS 0x0000000084000000| PB 0x0000000084000000| Untracked 
|  35|0x0000000084100000, 0x0000000084100000, 0x0000000084200000|  0%| F|  |TAMS 0x0000000084100000| PB 0x0000000084100000| Untracked 
|  36|0x0000000084200000, 0x0000000084200000, 0x0000000084300000|  0%| F|  |TAMS 0x0000000084200000| PB 0x0000000084200000| Untracked 
|  37|0x0000000084300000, 0x0000000084300000, 0x0000000084400000|  0%| F|  |TAMS 0x0000000084300000| PB 0x0000000084300000| Untracked 
|  38|0x0000000084400000, 0x0000000084400000, 0x0000000084500000|  0%| F|  |TAMS 0x0000000084400000| PB 0x0000000084400000| Untracked 
|  39|0x0000000084500000, 0x0000000084500000, 0x0000000084600000|  0%| F|  |TAMS 0x0000000084500000| PB 0x0000000084500000| Untracked 
|  40|0x0000000084600000, 0x0000000084600000, 0x0000000084700000|  0%| F|  |TAMS 0x0000000084600000| PB 0x0000000084600000| Untracked 
|  41|0x0000000084700000, 0x0000000084700000, 0x0000000084800000|  0%| F|  |TAMS 0x0000000084700000| PB 0x0000000084700000| Untracked 
|  42|0x0000000084800000, 0x0000000084800000, 0x0000000084900000|  0%| F|  |TAMS 0x0000000084800000| PB 0x0000000084800000| Untracked 
|  43|0x0000000084900000, 0x0000000084900000, 0x0000000084a00000|  0%| F|  |TAMS 0x0000000084900000| PB 0x0000000084900000| Untracked 
|  44|0x0000000084a00000, 0x0000000084a00000, 0x0000000084b00000|  0%| F|  |TAMS 0x0000000084a00000| PB 0x0000000084a00000| Untracked 
|  45|0x0000000084b00000, 0x0000000084b00000, 0x0000000084c00000|  0%| F|  |TAMS 0x0000000084b00000| PB 0x0000000084b00000| Untracked 
|  46|0x0000000084c00000, 0x0000000084c00000, 0x0000000084d00000|  0%| F|  |TAMS 0x0000000084c00000| PB 0x0000000084c00000| Untracked 
|  47|0x0000000084d00000, 0x0000000084d00000, 0x0000000084e00000|  0%| F|  |TAMS 0x0000000084d00000| PB 0x0000000084d00000| Untracked 
|  48|0x0000000084e00000, 0x0000000084e00000, 0x0000000084f00000|  0%| F|  |TAMS 0x0000000084e00000| PB 0x0000000084e00000| Untracked 
|  49|0x0000000084f00000, 0x0000000084f00000, 0x0000000085000000|  0%| F|  |TAMS 0x0000000084f00000| PB 0x0000000084f00000| Untracked 
|  50|0x0000000085000000, 0x0000000085000000, 0x0000000085100000|  0%| F|  |TAMS 0x0000000085000000| PB 0x0000000085000000| Untracked 
|  51|0x0000000085100000, 0x0000000085100000, 0x0000000085200000|  0%| F|  |TAMS 0x0000000085100000| PB 0x0000000085100000| Untracked 
|  52|0x0000000085200000, 0x0000000085200000, 0x0000000085300000|  0%| F|  |TAMS 0x0000000085200000| PB 0x0000000085200000| Untracked 
|  53|0x0000000085300000, 0x0000000085300000, 0x0000000085400000|  0%| F|  |TAMS 0x0000000085300000| PB 0x0000000085300000| Untracked 
|  54|0x0000000085400000, 0x0000000085400000, 0x0000000085500000|  0%| F|  |TAMS 0x0000000085400000| PB 0x0000000085400000| Untracked 
|  55|0x0000000085500000, 0x0000000085500000, 0x0000000085600000|  0%| F|  |TAMS 0x0000000085500000| PB 0x0000000085500000| Untracked 
|  56|0x0000000085600000, 0x0000000085600000, 0x0000000085700000|  0%| F|  |TAMS 0x0000000085600000| PB 0x0000000085600000| Untracked 
|  57|0x0000000085700000, 0x0000000085700000, 0x0000000085800000|  0%| F|  |TAMS 0x0000000085700000| PB 0x0000000085700000| Untracked 
|  58|0x0000000085800000, 0x0000000085800000, 0x0000000085900000|  0%| F|  |TAMS 0x0000000085800000| PB 0x0000000085800000| Untracked 
|  59|0x0000000085900000, 0x0000000085900000, 0x0000000085a00000|  0%| F|  |TAMS 0x0000000085900000| PB 0x0000000085900000| Untracked 
|  60|0x0000000085a00000, 0x0000000085a00000, 0x0000000085b00000|  0%| F|  |TAMS 0x0000000085a00000| PB 0x0000000085a00000| Untracked 
|  61|0x0000000085b00000, 0x0000000085b00000, 0x0000000085c00000|  0%| F|  |TAMS 0x0000000085b00000| PB 0x0000000085b00000| Untracked 
|  62|0x0000000085c00000, 0x0000000085c00000, 0x0000000085d00000|  0%| F|  |TAMS 0x0000000085c00000| PB 0x0000000085c00000| Untracked 
|  63|0x0000000085d00000, 0x0000000085d00000, 0x0000000085e00000|  0%| F|  |TAMS 0x0000000085d00000| PB 0x0000000085d00000| Untracked 
|  64|0x0000000085e00000, 0x0000000085e00000, 0x0000000085f00000|  0%| F|  |TAMS 0x0000000085e00000| PB 0x0000000085e00000| Untracked 
|  65|0x0000000085f00000, 0x0000000085f00000, 0x0000000086000000|  0%| F|  |TAMS 0x0000000085f00000| PB 0x0000000085f00000| Untracked 
|  66|0x0000000086000000, 0x0000000086000000, 0x0000000086100000|  0%| F|  |TAMS 0x0000000086000000| PB 0x0000000086000000| Untracked 
|  67|0x0000000086100000, 0x0000000086100000, 0x0000000086200000|  0%| F|  |TAMS 0x0000000086100000| PB 0x0000000086100000| Untracked 
|  68|0x0000000086200000, 0x0000000086200000, 0x0000000086300000|  0%| F|  |TAMS 0x0000000086200000| PB 0x0000000086200000| Untracked 
|  69|0x0000000086300000, 0x0000000086300000, 0x0000000086400000|  0%| F|  |TAMS 0x0000000086300000| PB 0x0000000086300000| Untracked 
|  70|0x0000000086400000, 0x0000000086400000, 0x0000000086500000|  0%| F|  |TAMS 0x0000000086400000| PB 0x0000000086400000| Untracked 
|  71|0x0000000086500000, 0x0000000086500000, 0x0000000086600000|  0%| F|  |TAMS 0x0000000086500000| PB 0x0000000086500000| Untracked 
|  72|0x0000000086600000, 0x0000000086600000, 0x0000000086700000|  0%| F|  |TAMS 0x0000000086600000| PB 0x0000000086600000| Untracked 
|  73|0x0000000086700000, 0x0000000086700000, 0x0000000086800000|  0%| F|  |TAMS 0x0000000086700000| PB 0x0000000086700000| Untracked 
|  74|0x0000000086800000, 0x0000000086800000, 0x0000000086900000|  0%| F|  |TAMS 0x0000000086800000| PB 0x0000000086800000| Untracked 
|  75|0x0000000086900000, 0x0000000086900000, 0x0000000086a00000|  0%| F|  |TAMS 0x0000000086900000| PB 0x0000000086900000| Untracked 
|  76|0x0000000086a00000, 0x0000000086a00000, 0x0000000086b00000|  0%| F|  |TAMS 0x0000000086a00000| PB 0x0000000086a00000| Untracked 
|  77|0x0000000086b00000, 0x0000000086b00000, 0x0000000086c00000|  0%| F|  |TAMS 0x0000000086b00000| PB 0x0000000086b00000| Untracked 
|  78|0x0000000086c00000, 0x0000000086c00000, 0x0000000086d00000|  0%| F|  |TAMS 0x0000000086c00000| PB 0x0000000086c00000| Untracked 
|  79|0x0000000086d00000, 0x0000000086d00000, 0x0000000086e00000|  0%| F|  |TAMS 0x0000000086d00000| PB 0x0000000086d00000| Untracked 
|  80|0x0000000086e00000, 0x0000000086e00000, 0x0000000086f00000|  0%| F|  |TAMS 0x0000000086e00000| PB 0x0000000086e00000| Untracked 
|  81|0x0000000086f00000, 0x0000000086f00000, 0x0000000087000000|  0%| F|  |TAMS 0x0000000086f00000| PB 0x0000000086f00000| Untracked 
|  82|0x0000000087000000, 0x0000000087000000, 0x0000000087100000|  0%| F|  |TAMS 0x0000000087000000| PB 0x0000000087000000| Untracked 
|  83|0x0000000087100000, 0x0000000087100000, 0x0000000087200000|  0%| F|  |TAMS 0x0000000087100000| PB 0x0000000087100000| Untracked 
|  84|0x0000000087200000, 0x0000000087200000, 0x0000000087300000|  0%| F|  |TAMS 0x0000000087200000| PB 0x0000000087200000| Untracked 
|  85|0x0000000087300000, 0x0000000087300000, 0x0000000087400000|  0%| F|  |TAMS 0x0000000087300000| PB 0x0000000087300000| Untracked 
|  86|0x0000000087400000, 0x0000000087400000, 0x0000000087500000|  0%| F|  |TAMS 0x0000000087400000| PB 0x0000000087400000| Untracked 
|  87|0x0000000087500000, 0x0000000087500000, 0x0000000087600000|  0%| F|  |TAMS 0x0000000087500000| PB 0x0000000087500000| Untracked 
|  88|0x0000000087600000, 0x0000000087624948, 0x0000000087700000| 14%| S|CS|TAMS 0x0000000087600000| PB 0x0000000087600000| Complete 
|  89|0x0000000087700000, 0x0000000087800000, 0x0000000087800000|100%| S|CS|TAMS 0x0000000087700000| PB 0x0000000087700000| Complete 
|  90|0x0000000087800000, 0x0000000087900000, 0x0000000087900000|100%| S|CS|TAMS 0x0000000087800000| PB 0x0000000087800000| Complete 
|  91|0x0000000087900000, 0x0000000087a00000, 0x0000000087a00000|100%| S|CS|TAMS 0x0000000087900000| PB 0x0000000087900000| Complete 
|  92|0x0000000087a00000, 0x0000000087a00000, 0x0000000087b00000|  0%| F|  |TAMS 0x0000000087a00000| PB 0x0000000087a00000| Untracked 
|  93|0x0000000087b00000, 0x0000000087bfac30, 0x0000000087c00000| 97%| E|  |TAMS 0x0000000087b00000| PB 0x0000000087b00000| Complete 
|  94|0x0000000087c00000, 0x0000000087d00000, 0x0000000087d00000|100%| E|CS|TAMS 0x0000000087c00000| PB 0x0000000087c00000| Complete 
|  95|0x0000000087d00000, 0x0000000087e00000, 0x0000000087e00000|100%| E|CS|TAMS 0x0000000087d00000| PB 0x0000000087d00000| Complete 
|  96|0x0000000087e00000, 0x0000000087f00000, 0x0000000087f00000|100%| E|CS|TAMS 0x0000000087e00000| PB 0x0000000087e00000| Complete 
|  97|0x0000000087f00000, 0x0000000088000000, 0x0000000088000000|100%| E|CS|TAMS 0x0000000087f00000| PB 0x0000000087f00000| Complete 
|  98|0x0000000088000000, 0x0000000088100000, 0x0000000088100000|100%| E|CS|TAMS 0x0000000088000000| PB 0x0000000088000000| Complete 
|  99|0x0000000088100000, 0x0000000088200000, 0x0000000088200000|100%| E|CS|TAMS 0x0000000088100000| PB 0x0000000088100000| Complete 
| 100|0x0000000088200000, 0x0000000088300000, 0x0000000088300000|100%| E|CS|TAMS 0x0000000088200000| PB 0x0000000088200000| Complete 
| 101|0x0000000088300000, 0x0000000088400000, 0x0000000088400000|100%| E|  |TAMS 0x0000000088300000| PB 0x0000000088300000| Complete 
| 102|0x0000000088400000, 0x0000000088500000, 0x0000000088500000|100%| E|CS|TAMS 0x0000000088400000| PB 0x0000000088400000| Complete 
| 103|0x0000000088500000, 0x0000000088600000, 0x0000000088600000|100%| E|CS|TAMS 0x0000000088500000| PB 0x0000000088500000| Complete 
| 104|0x0000000088600000, 0x0000000088700000, 0x0000000088700000|100%| E|CS|TAMS 0x0000000088600000| PB 0x0000000088600000| Complete 
| 105|0x0000000088700000, 0x0000000088800000, 0x0000000088800000|100%| E|CS|TAMS 0x0000000088700000| PB 0x0000000088700000| Complete 
| 106|0x0000000088800000, 0x0000000088900000, 0x0000000088900000|100%| E|CS|TAMS 0x0000000088800000| PB 0x0000000088800000| Complete 
| 107|0x0000000088900000, 0x0000000088a00000, 0x0000000088a00000|100%| E|CS|TAMS 0x0000000088900000| PB 0x0000000088900000| Complete 
| 108|0x0000000088a00000, 0x0000000088b00000, 0x0000000088b00000|100%| E|CS|TAMS 0x0000000088a00000| PB 0x0000000088a00000| Complete 
| 109|0x0000000088b00000, 0x0000000088c00000, 0x0000000088c00000|100%| E|CS|TAMS 0x0000000088b00000| PB 0x0000000088b00000| Complete 
| 110|0x0000000088c00000, 0x0000000088d00000, 0x0000000088d00000|100%| E|CS|TAMS 0x0000000088c00000| PB 0x0000000088c00000| Complete 
| 111|0x0000000088d00000, 0x0000000088e00000, 0x0000000088e00000|100%| E|CS|TAMS 0x0000000088d00000| PB 0x0000000088d00000| Complete 
| 112|0x0000000088e00000, 0x0000000088f00000, 0x0000000088f00000|100%| E|CS|TAMS 0x0000000088e00000| PB 0x0000000088e00000| Complete 
| 113|0x0000000088f00000, 0x0000000089000000, 0x0000000089000000|100%| E|CS|TAMS 0x0000000088f00000| PB 0x0000000088f00000| Complete 
| 114|0x0000000089000000, 0x0000000089100000, 0x0000000089100000|100%| E|CS|TAMS 0x0000000089000000| PB 0x0000000089000000| Complete 
| 115|0x0000000089100000, 0x0000000089200000, 0x0000000089200000|100%| E|CS|TAMS 0x0000000089100000| PB 0x0000000089100000| Complete 
| 116|0x0000000089200000, 0x0000000089300000, 0x0000000089300000|100%| E|CS|TAMS 0x0000000089200000| PB 0x0000000089200000| Complete 
| 117|0x0000000089300000, 0x0000000089400000, 0x0000000089400000|100%| E|CS|TAMS 0x0000000089300000| PB 0x0000000089300000| Complete 
| 118|0x0000000089400000, 0x0000000089500000, 0x0000000089500000|100%| E|CS|TAMS 0x0000000089400000| PB 0x0000000089400000| Complete 
| 119|0x0000000089500000, 0x0000000089600000, 0x0000000089600000|100%| E|CS|TAMS 0x0000000089500000| PB 0x0000000089500000| Complete 
| 120|0x0000000089600000, 0x0000000089700000, 0x0000000089700000|100%| E|CS|TAMS 0x0000000089600000| PB 0x0000000089600000| Complete 
| 121|0x0000000089700000, 0x0000000089800000, 0x0000000089800000|100%| E|CS|TAMS 0x0000000089700000| PB 0x0000000089700000| Complete 
| 122|0x0000000089800000, 0x0000000089900000, 0x0000000089900000|100%| E|CS|TAMS 0x0000000089800000| PB 0x0000000089800000| Complete 
| 123|0x0000000089900000, 0x0000000089a00000, 0x0000000089a00000|100%| E|CS|TAMS 0x0000000089900000| PB 0x0000000089900000| Complete 
| 124|0x0000000089a00000, 0x0000000089b00000, 0x0000000089b00000|100%| E|CS|TAMS 0x0000000089a00000| PB 0x0000000089a00000| Complete 
| 125|0x0000000089b00000, 0x0000000089c00000, 0x0000000089c00000|100%| E|CS|TAMS 0x0000000089b00000| PB 0x0000000089b00000| Complete 
| 126|0x0000000089c00000, 0x0000000089d00000, 0x0000000089d00000|100%| E|CS|TAMS 0x0000000089c00000| PB 0x0000000089c00000| Complete 
| 127|0x0000000089d00000, 0x0000000089e00000, 0x0000000089e00000|100%| E|CS|TAMS 0x0000000089d00000| PB 0x0000000089d00000| Complete 

Card table byte_map: [0x0000014dd4270000,0x0000014dd4670000] _byte_map_base: 0x0000014dd3e61000

Marking Bits: (CMBitMap*) 0x0000014dbc717470
 Bits: [0x0000014dd4670000, 0x0000014dd65f8000)

Polling page: 0x0000014dba640000

Metaspace:

Usage:
  Non-class:     15.46 MB used.
      Class:      2.81 MB used.
       Both:     18.27 MB used.

Virtual space:
  Non-class space:       64.00 MB reserved,      15.62 MB ( 24%) committed,  1 nodes.
      Class space:        1.00 GB reserved,       2.94 MB ( <1%) committed,  1 nodes.
             Both:        1.06 GB reserved,      18.56 MB (  2%) committed. 

Chunk freelists:
   Non-Class:  288.00 KB
       Class:  13.06 MB
        Both:  13.34 MB

MaxMetaspaceSize: unlimited
CompressedClassSpaceSize: 1.00 GB
Initial GC threshold: 21.00 MB
Current GC threshold: 21.00 MB
CDS: on
 - commit_granule_bytes: 65536.
 - commit_granule_words: 8192.
 - virtual_space_node_default_size: 8388608.
 - enlarge_chunks_in_place: 1.
 - use_allocation_guard: 0.


Internal statistics:

num_allocs_failed_limit: 0.
num_arena_births: 344.
num_arena_deaths: 0.
num_vsnodes_births: 2.
num_vsnodes_deaths: 0.
num_space_committed: 297.
num_space_uncommitted: 0.
num_chunks_returned_to_freelist: 0.
num_chunks_taken_from_freelist: 995.
num_chunk_merges: 0.
num_chunk_splits: 692.
num_chunks_enlarged: 524.
num_inconsistent_stats: 0.

CodeHeap 'non-profiled nmethods': size=120000Kb used=1493Kb max_used=1493Kb free=118506Kb
 bounds [0x0000014dcc600000, 0x0000014dcc870000, 0x0000014dd3b30000]
CodeHeap 'profiled nmethods': size=120000Kb used=7454Kb max_used=7454Kb free=112545Kb
 bounds [0x0000014dc4b30000, 0x0000014dc5280000, 0x0000014dcc060000]
CodeHeap 'non-nmethods': size=5760Kb used=1806Kb max_used=1853Kb free=3953Kb
 bounds [0x0000014dcc060000, 0x0000014dcc2d0000, 0x0000014dcc600000]
 total_blobs=4412 nmethods=3594 adapters=721
 compilation: enabled
              stopped_count=0, restarted_count=0
 full_count=0

Compilation events (20 events):
Event: 7.816 Thread 0x0000014dd90558e0 nmethod 3531 0x0000014dc5240210 code [0x0000014dc52403c0, 0x0000014dc5240528]
Event: 7.816 Thread 0x0000014dd90558e0 3532       3       javafx.beans.binding.BooleanExpression::getValue (5 bytes)
Event: 7.816 Thread 0x0000014dd90558e0 nmethod 3532 0x0000014dc5240610 code [0x0000014dc52407e0, 0x0000014dc5240b68]
Event: 7.816 Thread 0x0000014dd90558e0 3529       3       java.lang.Float::isInfinite (16 bytes)
Event: 7.816 Thread 0x0000014dd90558e0 nmethod 3529 0x0000014dc5240c90 code [0x0000014dc5240e60, 0x0000014dc5241070]
Event: 7.819 Thread 0x0000014dd90558e0 3534       3       java.lang.invoke.DelegatingMethodHandle::<init> (10 bytes)
Event: 7.819 Thread 0x0000014dd90558e0 nmethod 3534 0x0000014dc5241110 code [0x0000014dc52412e0, 0x0000014dc52416b0]
Event: 7.819 Thread 0x0000014dd90558e0 3535       3       java.lang.invoke.DelegatingMethodHandle::chooseDelegatingForm (24 bytes)
Event: 7.819 Thread 0x0000014dd90558e0 nmethod 3535 0x0000014dc5241810 code [0x0000014dc52419e0, 0x0000014dc5241d10]
Event: 7.823 Thread 0x0000014dd90558e0 3538       3       java.lang.invoke.AbstractValidatingLambdaMetafactory::checkDescriptor (133 bytes)
Event: 7.824 Thread 0x0000014dd90558e0 nmethod 3538 0x0000014dc5241e10 code [0x0000014dc5242180, 0x0000014dc5243a48]
Event: 7.824 Thread 0x0000014dd90558e0 3536       3       java.lang.invoke.InnerClassLambdaMetafactory::lambdaClassName (48 bytes)
Event: 7.825 Thread 0x0000014dd90558e0 nmethod 3536 0x0000014dc5244290 code [0x0000014dc52444e0, 0x0000014dc5244bc8]
Event: 7.825 Thread 0x0000014dd90558e0 3537       3       java.lang.invoke.AbstractValidatingLambdaMetafactory::isAdaptableToAsReturn (36 bytes)
Event: 7.825 Thread 0x0000014dd90558e0 nmethod 3537 0x0000014dc5244e90 code [0x0000014dc5245060, 0x0000014dc5245500]
Event: 7.825 Thread 0x0000014dd90558e0 3539       3       java.lang.invoke.AbstractValidatingLambdaMetafactory::isAdaptableToAsReturnStrict (34 bytes)
Event: 7.825 Thread 0x0000014dd90558e0 nmethod 3539 0x0000014dc5245690 code [0x0000014dc5245880, 0x0000014dc5245e30]
Event: 7.825 Thread 0x0000014dd90558e0 3545       3       java.lang.invoke.AbstractValidatingLambdaMetafactory::validateMetafactoryArgs (607 bytes)
Event: 7.829 Thread 0x0000014dd90558e0 nmethod 3545 0x0000014dc5245f90 code [0x0000014dc5246780, 0x0000014dc524bb08]
Event: 7.831 Thread 0x0000014dd90558e0 3540       3       java.lang.invoke.InnerClassLambdaMetafactory::spinInnerClass (118 bytes)

GC Heap History (4 events):
Event: 0.613 GC heap before
{Heap before GC invocations=0 (full 0):
 garbage-first heap   total 131072K, used 22528K [0x0000000081e00000, 0x0000000100000000)
  region size 1024K, 23 young (23552K), 0 survivors (0K)
 Metaspace       used 5293K, committed 5504K, reserved 1114112K
  class space    used 607K, committed 704K, reserved 1048576K
}
Event: 0.619 GC heap after
{Heap after GC invocations=1 (full 0):
 garbage-first heap   total 131072K, used 2827K [0x0000000081e00000, 0x0000000100000000)
  region size 1024K, 3 young (3072K), 3 survivors (3072K)
 Metaspace       used 5293K, committed 5504K, reserved 1114112K
  class space    used 607K, committed 704K, reserved 1048576K
}
Event: 1.271 GC heap before
{Heap before GC invocations=1 (full 0):
 garbage-first heap   total 131072K, used 36619K [0x0000000081e00000, 0x0000000100000000)
  region size 1024K, 36 young (36864K), 3 survivors (3072K)
 Metaspace       used 12446K, committed 12736K, reserved 1114112K
  class space    used 1878K, committed 1984K, reserved 1048576K
}
Event: 1.277 GC heap after
{Heap after GC invocations=2 (full 0):
 garbage-first heap   total 131072K, used 6290K [0x0000000081e00000, 0x0000000100000000)
  region size 1024K, 4 young (4096K), 4 survivors (4096K)
 Metaspace       used 12446K, committed 12736K, reserved 1114112K
  class space    used 1878K, committed 1984K, reserved 1048576K
}

Dll operation events (20 events):
Event: 0.377 Loaded shared library C:\Users\Aman and Rhanee\Downloads\javafx-sdk-21.0.1\bin\api-ms-win-crt-locale-l1-1-0.dll
Event: 0.378 Loaded shared library C:\Users\Aman and Rhanee\Downloads\javafx-sdk-21.0.1\bin\api-ms-win-crt-math-l1-1-0.dll
Event: 0.380 Loaded shared library C:\Users\Aman and Rhanee\Downloads\javafx-sdk-21.0.1\bin\api-ms-win-crt-multibyte-l1-1-0.dll
Event: 0.381 Loaded shared library C:\Users\Aman and Rhanee\Downloads\javafx-sdk-21.0.1\bin\api-ms-win-crt-private-l1-1-0.dll
Event: 0.382 Loaded shared library C:\Users\Aman and Rhanee\Downloads\javafx-sdk-21.0.1\bin\api-ms-win-crt-process-l1-1-0.dll
Event: 0.384 Loaded shared library C:\Users\Aman and Rhanee\Downloads\javafx-sdk-21.0.1\bin\api-ms-win-crt-runtime-l1-1-0.dll
Event: 0.385 Loaded shared library C:\Users\Aman and Rhanee\Downloads\javafx-sdk-21.0.1\bin\api-ms-win-crt-stdio-l1-1-0.dll
Event: 0.387 Loaded shared library C:\Users\Aman and Rhanee\Downloads\javafx-sdk-21.0.1\bin\api-ms-win-crt-string-l1-1-0.dll
Event: 0.389 Loaded shared library C:\Users\Aman and Rhanee\Downloads\javafx-sdk-21.0.1\bin\api-ms-win-crt-time-l1-1-0.dll
Event: 0.390 Loaded shared library C:\Users\Aman and Rhanee\Downloads\javafx-sdk-21.0.1\bin\api-ms-win-crt-utility-l1-1-0.dll
Event: 0.392 Loaded shared library C:\Users\Aman and Rhanee\Downloads\javafx-sdk-21.0.1\bin\ucrtbase.dll
Event: 0.394 Loaded shared library C:\Users\Aman and Rhanee\Downloads\javafx-sdk-21.0.1\bin\vcruntime140.dll
Event: 0.396 Loaded shared library C:\Users\Aman and Rhanee\Downloads\javafx-sdk-21.0.1\bin\vcruntime140_1.dll
Event: 0.399 Loaded shared library C:\Users\Aman and Rhanee\Downloads\javafx-sdk-21.0.1\bin\msvcp140.dll
Event: 0.401 Loaded shared library C:\Users\Aman and Rhanee\Downloads\javafx-sdk-21.0.1\bin\msvcp140_1.dll
Event: 0.403 Loaded shared library C:\Users\Aman and Rhanee\Downloads\javafx-sdk-21.0.1\bin\msvcp140_2.dll
Event: 0.437 Loaded shared library C:\Users\Aman and Rhanee\Downloads\javafx-sdk-21.0.1\bin\prism_d3d.dll
Event: 0.472 Loaded shared library C:\Users\Aman and Rhanee\Downloads\javafx-sdk-21.0.1\bin\glass.dll
Event: 0.559 Loaded shared library C:\Program Files\Java\jdk-21\bin\jimage.dll
Event: 0.836 Loaded shared library C:\Users\Aman and Rhanee\Downloads\javafx-sdk-21.0.1\bin\javafx_font.dll

Deoptimization events (20 events):
Event: 7.796 Thread 0x0000014e1f0ad5d0 DEOPT PACKING pc=0x0000014dc4e3fe05 sp=0x0000001d2c4fc0b0
Event: 7.796 Thread 0x0000014e1f0ad5d0 DEOPT UNPACKING pc=0x0000014dcc0b4e42 sp=0x0000001d2c4fb580 mode 0
Event: 7.796 Thread 0x0000014e1f0ad5d0 DEOPT PACKING pc=0x0000014dc4e3fe05 sp=0x0000001d2c4fc0b0
Event: 7.796 Thread 0x0000014e1f0ad5d0 DEOPT UNPACKING pc=0x0000014dcc0b4e42 sp=0x0000001d2c4fb580 mode 0
Event: 7.796 Thread 0x0000014e1f0ad5d0 DEOPT PACKING pc=0x0000014dc4e3fe05 sp=0x0000001d2c4fc0b0
Event: 7.796 Thread 0x0000014e1f0ad5d0 DEOPT UNPACKING pc=0x0000014dcc0b4e42 sp=0x0000001d2c4fb580 mode 0
Event: 7.796 Thread 0x0000014e1f0ad5d0 DEOPT PACKING pc=0x0000014dc4e3fe05 sp=0x0000001d2c4fc0b0
Event: 7.796 Thread 0x0000014e1f0ad5d0 DEOPT UNPACKING pc=0x0000014dcc0b4e42 sp=0x0000001d2c4fb580 mode 0
Event: 7.801 Thread 0x0000014e1f0ad5d0 Uncommon trap: trap_request=0xffffffbe fr.pc=0x0000014dcc74a110 relative=0x0000000000000b70
Event: 7.801 Thread 0x0000014e1f0ad5d0 Uncommon trap: reason=profile_predicate action=maybe_recompile pc=0x0000014dcc74a110 method=com.sun.javafx.css.BitSet.addAll(Ljava/util/Collection;)Z @ 122 c2
Event: 7.801 Thread 0x0000014e1f0ad5d0 DEOPT PACKING pc=0x0000014dcc74a110 sp=0x0000001d2c4f9e90
Event: 7.801 Thread 0x0000014e1f0ad5d0 DEOPT UNPACKING pc=0x0000014dcc0b46a2 sp=0x0000001d2c4f9df0 mode 2
Event: 7.802 Thread 0x0000014e1f0ad5d0 Uncommon trap: trap_request=0xffffffbe fr.pc=0x0000014dcc74a110 relative=0x0000000000000b70
Event: 7.802 Thread 0x0000014e1f0ad5d0 Uncommon trap: reason=profile_predicate action=maybe_recompile pc=0x0000014dcc74a110 method=com.sun.javafx.css.BitSet.addAll(Ljava/util/Collection;)Z @ 122 c2
Event: 7.802 Thread 0x0000014e1f0ad5d0 DEOPT PACKING pc=0x0000014dcc74a110 sp=0x0000001d2c4fa150
Event: 7.802 Thread 0x0000014e1f0ad5d0 DEOPT UNPACKING pc=0x0000014dcc0b46a2 sp=0x0000001d2c4fa0b0 mode 2
Event: 7.803 Thread 0x0000014e1f0ad5d0 Uncommon trap: trap_request=0xffffffbe fr.pc=0x0000014dcc74a110 relative=0x0000000000000b70
Event: 7.803 Thread 0x0000014e1f0ad5d0 Uncommon trap: reason=profile_predicate action=maybe_recompile pc=0x0000014dcc74a110 method=com.sun.javafx.css.BitSet.addAll(Ljava/util/Collection;)Z @ 122 c2
Event: 7.803 Thread 0x0000014e1f0ad5d0 DEOPT PACKING pc=0x0000014dcc74a110 sp=0x0000001d2c4f9e10
Event: 7.804 Thread 0x0000014e1f0ad5d0 DEOPT UNPACKING pc=0x0000014dcc0b46a2 sp=0x0000001d2c4f9d70 mode 2

Classes loaded (20 events):
Event: 5.877 Loading class java/text/ParseException
Event: 5.877 Loading class java/text/ParseException done
Event: 5.882 Loading class sun/text/resources/cldr/FormatData_en
Event: 5.882 Loading class sun/text/resources/cldr/FormatData_en done
Event: 5.882 Loading class sun/text/resources/cldr/FormatData_en_US
Event: 5.882 Loading class sun/text/resources/cldr/FormatData_en_US done
Event: 5.981 Loading class java/text/FieldPosition$Delegate
Event: 5.981 Loading class java/text/FieldPosition$Delegate done
Event: 5.981 Loading class jdk/internal/math/FDBigInteger
Event: 5.981 Loading class jdk/internal/math/FDBigInteger done
Event: 5.991 Loading class java/util/ComparableTimSort
Event: 5.991 Loading class java/util/ComparableTimSort done
Event: 7.777 Loading class sun/reflect/generics/tree/BottomSignature
Event: 7.777 Loading class sun/reflect/generics/tree/BottomSignature done
Event: 7.778 Loading class sun/reflect/generics/tree/Wildcard
Event: 7.778 Loading class sun/reflect/generics/tree/Wildcard done
Event: 7.778 Loading class sun/reflect/generics/reflectiveObjects/WildcardTypeImpl
Event: 7.778 Loading class java/lang/reflect/WildcardType
Event: 7.778 Loading class java/lang/reflect/WildcardType done
Event: 7.778 Loading class sun/reflect/generics/reflectiveObjects/WildcardTypeImpl done

Classes unloaded (0 events):
No events

Classes redefined (0 events):
No events

Internal exceptions (20 events):
Event: 1.213 Thread 0x0000014e1f0ad5d0 Exception <a 'java/lang/NoSuchMethodError'{0x0000000087ed2530}: 'java.lang.Object java.lang.invoke.DirectMethodHandle$Holder.invokeInterface(java.lang.Object, java.lang.Object, java.lang.Object)'> (0x0000000087ed2530) 
thrown [s\open\src\hotspot\share\interpreter\linkResolver.cpp, line 773]
Event: 1.213 Thread 0x0000014e1f0ad5d0 Exception <a 'java/lang/IncompatibleClassChangeError'{0x0000000087ed5bd8}: Found class java.lang.Object, but interface was expected> (0x0000000087ed5bd8) 
thrown [s\open\src\hotspot\share\interpreter\linkResolver.cpp, line 840]
Event: 1.249 Thread 0x0000014e1f0ad5d0 Exception <a 'java/lang/ClassNotFoundException'{0x0000000087b9df30}: com/sun/javafx/scene/control/skin/resources/controls> (0x0000000087b9df30) 
thrown [s\open\src\hotspot\share\prims\jni.cpp, line 539]
Event: 1.250 Thread 0x0000014e1f0ad5d0 Exception <a 'java/lang/ClassNotFoundException'{0x0000000087bac130}: com/sun/javafx/scene/control/skin/resources/controls_en> (0x0000000087bac130) 
thrown [s\open\src\hotspot\share\prims\jni.cpp, line 539]
Event: 1.250 Thread 0x0000014e1f0ad5d0 Exception <a 'java/lang/ClassNotFoundException'{0x0000000087bad460}: com/sun/javafx/scene/control/skin/resources/controls_en_US> (0x0000000087bad460) 
thrown [s\open\src\hotspot\share\prims\jni.cpp, line 539]
Event: 1.282 Thread 0x0000014e1f0ad5d0 Implicit null exception at 0x0000014dcc6674c0 to 0x0000014dcc667714
Event: 1.283 Thread 0x0000014e1f0ad5d0 Exception <a 'java/lang/NoSuchMethodError'{0x0000000089d4c260}: 'void java.lang.invoke.DirectMethodHandle$Holder.invokeSpecial(java.lang.Object, java.lang.Object, java.lang.Object, java.lang.Object, java.lang.Object, java.lang.Object)'> (0x0000000089d4c260) 
thrown [s\open\src\hotspot\share\interpreter\linkResolver.cpp, line 773]
Event: 1.285 Thread 0x0000014e1f0ad5d0 Implicit null exception at 0x0000014dcc666c40 to 0x0000014dcc666ef4
Event: 1.379 Thread 0x0000014e1f0ad5d0 Exception <a 'java/lang/NoSuchMethodError'{0x000000008986fa90}: 'int java.lang.invoke.DirectMethodHandle$Holder.invokeSpecial(java.lang.Object, java.lang.Object, int)'> (0x000000008986fa90) 
thrown [s\open\src\hotspot\share\interpreter\linkResolver.cpp, line 773]
Event: 1.395 Thread 0x0000014e1f0ad5d0 Exception <a 'java/lang/NoSuchMethodError'{0x00000000898c1b20}: 'java.lang.Object java.lang.invoke.DirectMethodHandle$Holder.newInvokeSpecial(java.lang.Object, java.lang.Object, int)'> (0x00000000898c1b20) 
thrown [s\open\src\hotspot\share\interpreter\linkResolver.cpp, line 773]
Event: 1.453 Thread 0x0000014dd959e120 Exception <a 'java/lang/NoSuchMethodError'{0x0000000089620970}: 'int java.lang.invoke.DirectMethodHandle$Holder.invokeStaticInit(java.lang.Object, java.lang.Object)'> (0x0000000089620970) 
thrown [s\open\src\hotspot\share\interpreter\linkResolver.cpp, line 773]
Event: 1.473 Thread 0x0000014dd959e120 Exception <a 'java/lang/NoSuchMethodError'{0x000000008955e468}: 'java.lang.Object java.lang.invoke.Invokers$Holder.invokeExact_MT(java.lang.Object, java.lang.Object, java.lang.Object, java.lang.Object, java.lang.Object)'> (0x000000008955e468) 
thrown [s\open\src\hotspot\share\interpreter\linkResolver.cpp, line 773]
Event: 2.280 Thread 0x0000014e1f0ad5d0 Exception <a 'java/lang/NoSuchMethodError'{0x00000000891724e0}: 'long java.lang.invoke.DirectMethodHandle$Holder.invokeStatic(java.lang.Object, java.lang.Object, java.lang.Object)'> (0x00000000891724e0) 
thrown [s\open\src\hotspot\share\interpreter\linkResolver.cpp, line 773]
Event: 2.280 Thread 0x0000014e1f0ad5d0 Exception <a 'java/lang/NoSuchMethodError'{0x00000000891758b0}: 'long java.lang.invoke.DirectMethodHandle$Holder.invokeStaticInit(java.lang.Object, java.lang.Object, java.lang.Object)'> (0x00000000891758b0) 
thrown [s\open\src\hotspot\share\interpreter\linkResolver.cpp, line 773]
Event: 2.282 Thread 0x0000014e1f0ad5d0 Exception <a 'java/lang/NoSuchMethodError'{0x000000008918a108}: 'java.lang.Object java.lang.invoke.DirectMethodHandle$Holder.newInvokeSpecial(java.lang.Object, java.lang.Object, long)'> (0x000000008918a108) 
thrown [s\open\src\hotspot\share\interpreter\linkResolver.cpp, line 773]
Event: 2.282 Thread 0x0000014e1f0ad5d0 Exception <a 'java/lang/NoSuchMethodError'{0x000000008918da00}: 'java.lang.Object java.lang.invoke.Invokers$Holder.linkToTargetMethod(java.lang.Object, long, java.lang.Object)'> (0x000000008918da00) 
thrown [s\open\src\hotspot\share\interpreter\linkResolver.cpp, line 773]
Event: 5.845 Thread 0x0000014e1f0ad5d0 Exception <a 'java/io/FileNotFoundException'{0x0000000088fe3858}> (0x0000000088fe3858) 
thrown [s\open\src\hotspot\share\prims\jni.cpp, line 520]
Event: 5.846 Thread 0x0000014e1f0ad5d0 Exception <a 'java/io/FileNotFoundException'{0x0000000088fe8328}> (0x0000000088fe8328) 
thrown [s\open\src\hotspot\share\prims\jni.cpp, line 520]
Event: 7.749 Thread 0x0000014e1f0ad5d0 Exception <a 'java/io/FileNotFoundException'{0x0000000088344a28}> (0x0000000088344a28) 
thrown [s\open\src\hotspot\share\prims\jni.cpp, line 520]
Event: 7.750 Thread 0x0000014e1f0ad5d0 Exception <a 'java/io/FileNotFoundException'{0x0000000088349400}> (0x0000000088349400) 
thrown [s\open\src\hotspot\share\prims\jni.cpp, line 520]

ZGC Phase Switch (0 events):
No events

VM Operations (20 events):
Event: 3.316 Executing VM operation: Cleanup
Event: 3.316 Executing VM operation: Cleanup done
Event: 4.316 Executing VM operation: Cleanup
Event: 4.316 Executing VM operation: Cleanup done
Event: 5.188 Executing VM operation: HandshakeAllThreads (Deoptimize)
Event: 5.188 Executing VM operation: HandshakeAllThreads (Deoptimize) done
Event: 5.865 Executing VM operation: HandshakeAllThreads (Deoptimize)
Event: 5.865 Executing VM operation: HandshakeAllThreads (Deoptimize) done
Event: 5.865 Executing VM operation: Cleanup
Event: 5.865 Executing VM operation: Cleanup done
Event: 5.962 Executing VM operation: HandshakeAllThreads (Deoptimize)
Event: 5.962 Executing VM operation: HandshakeAllThreads (Deoptimize) done
Event: 5.980 Executing VM operation: HandshakeAllThreads (Deoptimize)
Event: 5.981 Executing VM operation: HandshakeAllThreads (Deoptimize) done
Event: 5.997 Executing VM operation: ICBufferFull
Event: 5.997 Executing VM operation: ICBufferFull done
Event: 6.681 Executing VM operation: ICBufferFull
Event: 6.681 Executing VM operation: ICBufferFull done
Event: 7.681 Executing VM operation: Cleanup
Event: 7.681 Executing VM operation: Cleanup done

Events (20 events):
Event: 0.047 Thread 0x0000014dd903ecc0 Thread added: 0x0000014dd903ecc0
Event: 0.047 Thread 0x0000014dd903f720 Thread added: 0x0000014dd903f720
Event: 0.048 Thread 0x0000014dd904b210 Thread added: 0x0000014dd904b210
Event: 0.048 Thread 0x0000014dd90558e0 Thread added: 0x0000014dd90558e0
Event: 0.114 Thread 0x0000014dd9000250 Thread added: 0x0000014dd9000250
Event: 0.156 Thread 0x0000014dd92d3640 Thread added: 0x0000014dd92d3640
Event: 0.172 Thread 0x0000014dd9467b40 Thread added: 0x0000014dd9467b40
Event: 0.237 Thread 0x0000014dd9d180f0 Thread added: 0x0000014dd9d180f0
Event: 0.431 Thread 0x0000014dd959e120 Thread added: 0x0000014dd959e120
Event: 0.474 Thread 0x0000014e1f9f3010 Thread added: 0x0000014e1f9f3010
Event: 0.477 Thread 0x0000014e1f0ad5d0 Thread added: 0x0000014e1f0ad5d0
Event: 0.539 Thread 0x0000014e1fb197d0 Thread added: 0x0000014e1fb197d0
Event: 0.550 Thread 0x0000014dd9427370 Thread added: 0x0000014dd9427370
Event: 1.205 Thread 0x0000014dd9bc11e0 Thread added: 0x0000014dd9bc11e0
Event: 1.489 Thread 0x0000014dd92d3640 Thread exited: 0x0000014dd92d3640
Event: 1.489 Thread 0x0000014dd9467b40 Thread exited: 0x0000014dd9467b40
Event: 1.489 Thread 0x0000014dd92d3640 Thread added: 0x0000014dd92d3640
Event: 5.864 Thread 0x0000014e1fcd0000 Thread added: 0x0000014e1fcd0000
Event: 6.889 Thread 0x0000014e1fcd0000 Thread exited: 0x0000014e1fcd0000
Event: 7.748 Thread 0x0000014e294e2700 Thread added: 0x0000014e294e2700


Dynamic libraries:
0x00007ff6661a0000 - 0x00007ff6661b0000 	C:\Program Files\Java\jdk-21\bin\java.exe
0x00007ff97f970000 - 0x00007ff97fb68000 	C:\WINDOWS\SYSTEM32\ntdll.dll
0x00007ff97e1e0000 - 0x00007ff97e29d000 	C:\WINDOWS\System32\KERNEL32.DLL
0x00007ff97d660000 - 0x00007ff97d956000 	C:\WINDOWS\System32\KERNELBASE.dll
0x00007ff97d050000 - 0x00007ff97d150000 	C:\WINDOWS\System32\ucrtbase.dll
0x00007ff9696f0000 - 0x00007ff96970b000 	C:\Program Files\Java\jdk-21\bin\VCRUNTIME140.dll
0x00007ff968130000 - 0x00007ff968149000 	C:\Program Files\Java\jdk-21\bin\jli.dll
0x00007ff97e130000 - 0x00007ff97e1df000 	C:\WINDOWS\System32\ADVAPI32.dll
0x00007ff97e8f0000 - 0x00007ff97e98e000 	C:\WINDOWS\System32\msvcrt.dll
0x00007ff97e850000 - 0x00007ff97e8ec000 	C:\WINDOWS\System32\sechost.dll
0x00007ff97e680000 - 0x00007ff97e7a6000 	C:\WINDOWS\System32\RPCRT4.dll
0x00007ff97e2a0000 - 0x00007ff97e43e000 	C:\WINDOWS\System32\USER32.dll
0x00007ff95ccb0000 - 0x00007ff95cf4a000 	C:\WINDOWS\WinSxS\amd64_microsoft.windows.common-controls_6595b64144ccf1df_6.0.19041.3636_none_60b6a03d71f818d5\COMCTL32.dll
0x00007ff97d630000 - 0x00007ff97d652000 	C:\WINDOWS\System32\win32u.dll
0x00007ff97ea40000 - 0x00007ff97ea6c000 	C:\WINDOWS\System32\GDI32.dll
0x00007ff97d230000 - 0x00007ff97d34a000 	C:\WINDOWS\System32\gdi32full.dll
0x00007ff97d350000 - 0x00007ff97d3ed000 	C:\WINDOWS\System32\msvcp_win.dll
0x00007ff975be0000 - 0x00007ff975bea000 	C:\WINDOWS\SYSTEM32\VERSION.dll
0x00007ff97db60000 - 0x00007ff97db90000 	C:\WINDOWS\System32\IMM32.DLL
0x00007ff977840000 - 0x00007ff97784c000 	C:\Program Files\Java\jdk-21\bin\vcruntime140_1.dll
0x00007ff949780000 - 0x00007ff94980e000 	C:\Program Files\Java\jdk-21\bin\msvcp140.dll
0x00007ff91f730000 - 0x00007ff920445000 	C:\Program Files\Java\jdk-21\bin\server\jvm.dll
0x00007ff97e580000 - 0x00007ff97e5eb000 	C:\WINDOWS\System32\WS2_32.dll
0x00007ff97c600000 - 0x00007ff97c64b000 	C:\WINDOWS\SYSTEM32\POWRPROF.dll
0x00007ff9599a0000 - 0x00007ff9599c7000 	C:\WINDOWS\SYSTEM32\WINMM.dll
0x00007ff97c470000 - 0x00007ff97c482000 	C:\WINDOWS\SYSTEM32\UMPDC.dll
0x00007ff97af10000 - 0x00007ff97af22000 	C:\WINDOWS\SYSTEM32\kernel.appcore.dll
0x00007ff9777f0000 - 0x00007ff9777fa000 	C:\Program Files\Java\jdk-21\bin\jimage.dll
0x00007ff97a820000 - 0x00007ff97aa04000 	C:\WINDOWS\SYSTEM32\DBGHELP.DLL
0x00007ff972080000 - 0x00007ff9720b4000 	C:\WINDOWS\SYSTEM32\dbgcore.DLL
0x00007ff97d150000 - 0x00007ff97d1d2000 	C:\WINDOWS\System32\bcryptPrimitives.dll
0x00007ff9694a0000 - 0x00007ff9694bf000 	C:\Program Files\Java\jdk-21\bin\java.dll
0x00007ff97f1e0000 - 0x00007ff97f925000 	C:\WINDOWS\System32\SHELL32.dll
0x00007ff97b110000 - 0x00007ff97b8ab000 	C:\WINDOWS\SYSTEM32\windows.storage.dll
0x00007ff97db90000 - 0x00007ff97dee4000 	C:\WINDOWS\System32\combase.dll
0x00007ff97ca90000 - 0x00007ff97cabd000 	C:\WINDOWS\SYSTEM32\Wldp.dll
0x00007ff97e990000 - 0x00007ff97ea3d000 	C:\WINDOWS\System32\SHCORE.dll
0x00007ff97db00000 - 0x00007ff97db55000 	C:\WINDOWS\System32\shlwapi.dll
0x00007ff97cf80000 - 0x00007ff97cfa5000 	C:\WINDOWS\SYSTEM32\profapi.dll
0x00007ff943240000 - 0x00007ff943317000 	C:\Program Files\Java\jdk-21\bin\jsvml.dll
0x00007ff976e90000 - 0x00007ff976ea0000 	C:\Program Files\Java\jdk-21\bin\net.dll
0x00007ff9758c0000 - 0x00007ff9759ca000 	C:\WINDOWS\SYSTEM32\WINHTTP.dll
0x00007ff97c7f0000 - 0x00007ff97c85a000 	C:\WINDOWS\system32\mswsock.dll
0x00007ff968550000 - 0x00007ff968566000 	C:\Program Files\Java\jdk-21\bin\nio.dll
0x00007ff967c40000 - 0x00007ff967c58000 	C:\Program Files\Java\jdk-21\bin\zip.dll
0x0000014dba680000 - 0x0000014dba683000 	C:\Users\Aman and Rhanee\Downloads\javafx-sdk-21.0.1\bin\api-ms-win-core-console-l1-1-0.dll
0x0000014dba690000 - 0x0000014dba693000 	C:\Users\Aman and Rhanee\Downloads\javafx-sdk-21.0.1\bin\api-ms-win-core-console-l1-2-0.dll
0x0000014dba6a0000 - 0x0000014dba6a3000 	C:\Users\Aman and Rhanee\Downloads\javafx-sdk-21.0.1\bin\api-ms-win-core-datetime-l1-1-0.dll
0x0000014dba6b0000 - 0x0000014dba6b3000 	C:\Users\Aman and Rhanee\Downloads\javafx-sdk-21.0.1\bin\api-ms-win-core-debug-l1-1-0.dll
0x0000014dba6c0000 - 0x0000014dba6c3000 	C:\Users\Aman and Rhanee\Downloads\javafx-sdk-21.0.1\bin\api-ms-win-core-errorhandling-l1-1-0.dll
0x0000014dba6d0000 - 0x0000014dba6d4000 	C:\Users\Aman and Rhanee\Downloads\javafx-sdk-21.0.1\bin\api-ms-win-core-file-l1-1-0.dll
0x0000014dba6e0000 - 0x0000014dba6e3000 	C:\Users\Aman and Rhanee\Downloads\javafx-sdk-21.0.1\bin\api-ms-win-core-file-l1-2-0.dll
0x0000014dbc660000 - 0x0000014dbc663000 	C:\Users\Aman and Rhanee\Downloads\javafx-sdk-21.0.1\bin\api-ms-win-core-file-l2-1-0.dll
0x0000014dbc670000 - 0x0000014dbc673000 	C:\Users\Aman and Rhanee\Downloads\javafx-sdk-21.0.1\bin\api-ms-win-core-handle-l1-1-0.dll
0x0000014dbc680000 - 0x0000014dbc683000 	C:\Users\Aman and Rhanee\Downloads\javafx-sdk-21.0.1\bin\api-ms-win-core-heap-l1-1-0.dll
0x0000014dbc690000 - 0x0000014dbc693000 	C:\Users\Aman and Rhanee\Downloads\javafx-sdk-21.0.1\bin\api-ms-win-core-interlocked-l1-1-0.dll
0x0000014dd9da0000 - 0x0000014dd9da3000 	C:\Users\Aman and Rhanee\Downloads\javafx-sdk-21.0.1\bin\api-ms-win-core-libraryloader-l1-1-0.dll
0x0000014dd9db0000 - 0x0000014dd9db3000 	C:\Users\Aman and Rhanee\Downloads\javafx-sdk-21.0.1\bin\api-ms-win-core-localization-l1-2-0.dll
0x0000014dd9dc0000 - 0x0000014dd9dc3000 	C:\Users\Aman and Rhanee\Downloads\javafx-sdk-21.0.1\bin\api-ms-win-core-memory-l1-1-0.dll
0x0000014dd9f00000 - 0x0000014dd9f03000 	C:\Users\Aman and Rhanee\Downloads\javafx-sdk-21.0.1\bin\api-ms-win-core-namedpipe-l1-1-0.dll
0x0000014dd9dd0000 - 0x0000014dd9dd3000 	C:\Users\Aman and Rhanee\Downloads\javafx-sdk-21.0.1\bin\api-ms-win-core-processenvironment-l1-1-0.dll
0x0000014dd9de0000 - 0x0000014dd9de3000 	C:\Users\Aman and Rhanee\Downloads\javafx-sdk-21.0.1\bin\api-ms-win-core-processthreads-l1-1-0.dll
0x0000014dd9df0000 - 0x0000014dd9df3000 	C:\Users\Aman and Rhanee\Downloads\javafx-sdk-21.0.1\bin\api-ms-win-core-processthreads-l1-1-1.dll
0x0000014dd9e00000 - 0x0000014dd9e03000 	C:\Users\Aman and Rhanee\Downloads\javafx-sdk-21.0.1\bin\api-ms-win-core-profile-l1-1-0.dll
0x0000014dd9e10000 - 0x0000014dd9e13000 	C:\Users\Aman and Rhanee\Downloads\javafx-sdk-21.0.1\bin\api-ms-win-core-rtlsupport-l1-1-0.dll
0x0000014dd9e20000 - 0x0000014dd9e23000 	C:\Users\Aman and Rhanee\Downloads\javafx-sdk-21.0.1\bin\api-ms-win-core-string-l1-1-0.dll
0x0000014dd9e30000 - 0x0000014dd9e33000 	C:\Users\Aman and Rhanee\Downloads\javafx-sdk-21.0.1\bin\api-ms-win-core-synch-l1-1-0.dll
0x0000014dd9e40000 - 0x0000014dd9e43000 	C:\Users\Aman and Rhanee\Downloads\javafx-sdk-21.0.1\bin\api-ms-win-core-synch-l1-2-0.dll
0x0000014dd9e50000 - 0x0000014dd9e53000 	C:\Users\Aman and Rhanee\Downloads\javafx-sdk-21.0.1\bin\api-ms-win-core-sysinfo-l1-1-0.dll
0x0000014dd9e60000 - 0x0000014dd9e63000 	C:\Users\Aman and Rhanee\Downloads\javafx-sdk-21.0.1\bin\api-ms-win-core-timezone-l1-1-0.dll
0x0000014dd9e70000 - 0x0000014dd9e73000 	C:\Users\Aman and Rhanee\Downloads\javafx-sdk-21.0.1\bin\api-ms-win-core-util-l1-1-0.dll
0x0000014dd9e80000 - 0x0000014dd9e83000 	C:\Users\Aman and Rhanee\Downloads\javafx-sdk-21.0.1\bin\api-ms-win-crt-conio-l1-1-0.dll
0x0000014dd9e90000 - 0x0000014dd9e94000 	C:\Users\Aman and Rhanee\Downloads\javafx-sdk-21.0.1\bin\api-ms-win-crt-convert-l1-1-0.dll
0x0000014dd9ea0000 - 0x0000014dd9ea3000 	C:\Users\Aman and Rhanee\Downloads\javafx-sdk-21.0.1\bin\api-ms-win-crt-environment-l1-1-0.dll
0x0000014dd9eb0000 - 0x0000014dd9eb3000 	C:\Users\Aman and Rhanee\Downloads\javafx-sdk-21.0.1\bin\api-ms-win-crt-filesystem-l1-1-0.dll
0x0000014dd9ec0000 - 0x0000014dd9ec3000 	C:\Users\Aman and Rhanee\Downloads\javafx-sdk-21.0.1\bin\api-ms-win-crt-heap-l1-1-0.dll
0x0000014dd9ed0000 - 0x0000014dd9ed3000 	C:\Users\Aman and Rhanee\Downloads\javafx-sdk-21.0.1\bin\api-ms-win-crt-locale-l1-1-0.dll
0x0000014dd9ee0000 - 0x0000014dd9ee5000 	C:\Users\Aman and Rhanee\Downloads\javafx-sdk-21.0.1\bin\api-ms-win-crt-math-l1-1-0.dll
0x0000014dd9ef0000 - 0x0000014dd9ef5000 	C:\Users\Aman and Rhanee\Downloads\javafx-sdk-21.0.1\bin\api-ms-win-crt-multibyte-l1-1-0.dll
0x0000014dd9f10000 - 0x0000014dd9f20000 	C:\Users\Aman and Rhanee\Downloads\javafx-sdk-21.0.1\bin\api-ms-win-crt-private-l1-1-0.dll
0x0000014dd9f20000 - 0x0000014dd9f23000 	C:\Users\Aman and Rhanee\Downloads\javafx-sdk-21.0.1\bin\api-ms-win-crt-process-l1-1-0.dll
0x0000014dd9f30000 - 0x0000014dd9f34000 	C:\Users\Aman and Rhanee\Downloads\javafx-sdk-21.0.1\bin\api-ms-win-crt-runtime-l1-1-0.dll
0x0000014dd9f40000 - 0x0000014dd9f44000 	C:\Users\Aman and Rhanee\Downloads\javafx-sdk-21.0.1\bin\api-ms-win-crt-stdio-l1-1-0.dll
0x0000014dd9f50000 - 0x0000014dd9f54000 	C:\Users\Aman and Rhanee\Downloads\javafx-sdk-21.0.1\bin\api-ms-win-crt-string-l1-1-0.dll
0x0000014dd9f60000 - 0x0000014dd9f63000 	C:\Users\Aman and Rhanee\Downloads\javafx-sdk-21.0.1\bin\api-ms-win-crt-time-l1-1-0.dll
0x0000014dd9f70000 - 0x0000014dd9f73000 	C:\Users\Aman and Rhanee\Downloads\javafx-sdk-21.0.1\bin\api-ms-win-crt-utility-l1-1-0.dll
0x00007ff9273b0000 - 0x00007ff9274ac000 	C:\Users\Aman and Rhanee\Downloads\javafx-sdk-21.0.1\bin\ucrtbase.dll
0x00007ff967b50000 - 0x00007ff967b6b000 	C:\Users\Aman and Rhanee\Downloads\javafx-sdk-21.0.1\bin\vcruntime140.dll
0x00007ff9771a0000 - 0x00007ff9771ac000 	C:\Users\Aman and Rhanee\Downloads\javafx-sdk-21.0.1\bin\vcruntime140_1.dll
0x00007ff9430c0000 - 0x00007ff94314e000 	C:\Users\Aman and Rhanee\Downloads\javafx-sdk-21.0.1\bin\msvcp140.dll
0x00007ff97d9d0000 - 0x00007ff97dafb000 	C:\WINDOWS\System32\ole32.dll
0x00007ff976d70000 - 0x00007ff976d79000 	C:\Users\Aman and Rhanee\Downloads\javafx-sdk-21.0.1\bin\msvcp140_1.dll
0x00007ff955190000 - 0x00007ff9551bf000 	C:\Users\Aman and Rhanee\Downloads\javafx-sdk-21.0.1\bin\msvcp140_2.dll
0x00007ff954280000 - 0x00007ff9542af000 	C:\Users\Aman and Rhanee\Downloads\javafx-sdk-21.0.1\bin\prism_d3d.dll
0x00007ff9682b0000 - 0x00007ff96847d000 	C:\WINDOWS\system32\d3d9.dll
0x00007ff97ac20000 - 0x00007ff97ac4f000 	C:\WINDOWS\SYSTEM32\dwmapi.dll
0x00007ff97a620000 - 0x00007ff97a6be000 	C:\WINDOWS\system32\uxtheme.dll
0x00007ff9274b0000 - 0x00007ff927613000 	C:\WINDOWS\System32\DriverStore\FileRepository\iigd_dch.inf_amd64_7d90afac159f566c\igdumdim64.dll
0x00007ff8ca910000 - 0x00007ff8ce352000 	C:\WINDOWS\System32\DriverStore\FileRepository\iigd_dch.inf_amd64_7d90afac159f566c\igd9dxva64.dll
0x00007ff97dfa0000 - 0x00007ff97e06d000 	C:\WINDOWS\System32\OLEAUT32.dll
0x00007ff97ea70000 - 0x00007ff97eede000 	C:\WINDOWS\System32\SETUPAPI.dll
0x00007ff97d1e0000 - 0x00007ff97d22e000 	C:\WINDOWS\System32\cfgmgr32.dll
0x00007ff97d550000 - 0x00007ff97d577000 	C:\WINDOWS\System32\bcrypt.dll
0x00007ff96d550000 - 0x00007ff96d78f000 	C:\WINDOWS\System32\DriverStore\FileRepository\iigd_dch.inf_amd64_7d90afac159f566c\igdgmm64.dll
0x00007ff950060000 - 0x00007ff9500a2000 	C:\Users\Aman and Rhanee\Downloads\javafx-sdk-21.0.1\bin\glass.dll
0x00007ff97f0f0000 - 0x00007ff97f1ca000 	C:\WINDOWS\System32\COMDLG32.dll
0x00007ff97e460000 - 0x00007ff97e574000 	C:\WINDOWS\System32\MSCTF.dll
0x00007ff975820000 - 0x00007ff975847000 	C:\WINDOWS\System32\DriverStore\FileRepository\iigd_dch.inf_amd64_7d90afac159f566c\igdinfo64.dll
0x00007ff97c9e0000 - 0x00007ff97c9f8000 	C:\WINDOWS\SYSTEM32\CRYPTSP.dll
0x00007ff97c0b0000 - 0x00007ff97c0e4000 	C:\WINDOWS\system32\rsaenh.dll
0x00007ff97ca00000 - 0x00007ff97ca0c000 	C:\WINDOWS\SYSTEM32\CRYPTBASE.dll
0x00007ff96a980000 - 0x00007ff96d549000 	C:\WINDOWS\System32\DriverStore\FileRepository\iigd_dch.inf_amd64_7d90afac159f566c\igc64.dll
0x00007ff96ee90000 - 0x00007ff96eecb000 	C:\WINDOWS\SYSTEM32\dxcore.dll
0x00007ff954610000 - 0x00007ff954624000 	C:\Users\Aman and Rhanee\Downloads\javafx-sdk-21.0.1\bin\javafx_font.dll
0x00007ff953550000 - 0x00007ff9537cf000 	C:\WINDOWS\SYSTEM32\dwrite.dll
0x00007ff97def0000 - 0x00007ff97df99000 	C:\WINDOWS\System32\clbcatq.dll
0x00007ff970380000 - 0x00007ff970534000 	C:\WINDOWS\SYSTEM32\WindowsCodecs.dll
0x00007ff964fa0000 - 0x00007ff964fde000 	C:\WINDOWS\system32\dataexchange.dll
0x00007ff979430000 - 0x00007ff979613000 	C:\WINDOWS\system32\dcomp.dll
0x00007ff9784d0000 - 0x00007ff978733000 	C:\WINDOWS\system32\d3d11.dll
0x00007ff97b910000 - 0x00007ff97ba03000 	C:\WINDOWS\system32\dxgi.dll
0x00007ff974c20000 - 0x00007ff974e23000 	C:\WINDOWS\system32\twinapi.appcore.dll
0x00007ff940790000 - 0x00007ff9407c4000 	C:\Program Files\Common Files\Microsoft Shared\Ink\rtscom.dll
0x00007ff968c80000 - 0x00007ff968d79000 	C:\WINDOWS\SYSTEM32\textinputframework.dll
0x00007ff97a0b0000 - 0x00007ff97a1a2000 	C:\WINDOWS\System32\CoreMessaging.dll
0x00007ff979be0000 - 0x00007ff979f3b000 	C:\WINDOWS\System32\CoreUIComponents.dll
0x00007ff97c1d0000 - 0x00007ff97c203000 	C:\WINDOWS\SYSTEM32\ntmarta.dll
0x00007ff979160000 - 0x00007ff9792b5000 	C:\WINDOWS\SYSTEM32\wintypes.dll

dbghelp: loaded successfully - version: 4.0.5 - missing functions: none
symbol engine: initialized successfully - sym options: 0x614 - pdb path: .;C:\Program Files\Java\jdk-21\bin;C:\WINDOWS\SYSTEM32;C:\WINDOWS\WinSxS\amd64_microsoft.windows.common-controls_6595b64144ccf1df_6.0.19041.3636_none_60b6a03d71f818d5;C:\Program Files\Java\jdk-21\bin\server;C:\Users\Aman and Rhanee\Downloads\javafx-sdk-21.0.1\bin;C:\WINDOWS\System32\DriverStore\FileRepository\iigd_dch.inf_amd64_7d90afac159f566c;C:\Program Files\Common Files\Microsoft Shared\Ink

VM Arguments:
jvm_args: -Dfile.encoding=UTF-8 --module-path=C:\Users\Aman and Rhanee\Downloads\javafx-sdk-21.0.1\lib --add-modules=javafx.controls,javafx.fxml 
java_command: javafxtesting.JavaFXTesting
java_class_path (initial): C:\Users\Aman and Rhanee\Downloads\javafx-sdk-21.0.1\lib\javafx-swt.jar;C:\Users\Aman and Rhanee\Downloads\javafx-sdk-21.0.1\lib\javafx.base.jar;C:\Users\Aman and Rhanee\Downloads\javafx-sdk-21.0.1\lib\javafx.controls.jar;C:\Users\Aman and Rhanee\Downloads\javafx-sdk-21.0.1\lib\javafx.fxml.jar;C:\Users\Aman and Rhanee\Downloads\javafx-sdk-21.0.1\lib\javafx.graphics.jar;C:\Users\Aman and Rhanee\Downloads\javafx-sdk-21.0.1\lib\javafx.media.jar;C:\Users\Aman and Rhanee\Downloads\javafx-sdk-21.0.1\lib\javafx.swing.jar;C:\Users\Aman and Rhanee\Downloads\javafx-sdk-21.0.1\lib\javafx.web.jar;C:\Users\Aman and Rhanee\Documents\NetBeansProjects\JavaFXTesting\build\classes
Launcher Type: SUN_STANDARD

[Global flags]
     intx CICompilerCount                          = 4                                         {product} {ergonomic}
     uint ConcGCThreads                            = 2                                         {product} {ergonomic}
     uint G1ConcRefinementThreads                  = 8                                         {product} {ergonomic}
   size_t G1HeapRegionSize                         = 1048576                                   {product} {ergonomic}
    uintx GCDrainStackTargetSize                   = 64                                        {product} {ergonomic}
   size_t InitialHeapSize                          = 134217728                                 {product} {ergonomic}
   size_t MarkStackSize                            = 4194304                                   {product} {ergonomic}
   size_t MaxHeapSize                              = 2116026368                                {product} {ergonomic}
   size_t MaxNewSize                               = 1268776960                                {product} {ergonomic}
   size_t MinHeapDeltaBytes                        = 1048576                                   {product} {ergonomic}
   size_t MinHeapSize                              = 8388608                                   {product} {ergonomic}
    uintx NonNMethodCodeHeapSize                   = 5839372                                {pd product} {ergonomic}
    uintx NonProfiledCodeHeapSize                  = 122909434                              {pd product} {ergonomic}
    uintx ProfiledCodeHeapSize                     = 122909434                              {pd product} {ergonomic}
    uintx ReservedCodeCacheSize                    = 251658240                              {pd product} {ergonomic}
     bool SegmentedCodeCache                       = true                                      {product} {ergonomic}
   size_t SoftMaxHeapSize                          = 2116026368                             {manageable} {ergonomic}
     bool UseCompressedOops                        = true                           {product lp64_product} {ergonomic}
     bool UseG1GC                                  = true                                      {product} {ergonomic}
     bool UseLargePagesIndividualAllocation        = false                                  {pd product} {ergonomic}

Logging:
Log output configuration:
 #0: stdout all=warning uptime,level,tags foldmultilines=false
 #1: stderr all=off uptime,level,tags foldmultilines=false

Environment Variables:
PATH=C:\Program Files\Common Files\Oracle\Java\javapath;C:\ProgramData\Oracle\Java\javapath;C:\Windows\system32;C:\Windows;C:\Windows\System32\Wbem;C:\Windows\System32\WindowsPowerShell\v1.0\;C:\Windows\System32\OpenSSH\;C:\Program Files\NVIDIA Corporation\NVIDIA NvDLISR;C:\WINDOWS\system32;C:\WINDOWS;C:\WINDOWS\System32\Wbem;C:\WINDOWS\System32\WindowsPowerShell\v1.0\;C:\WINDOWS\System32\OpenSSH\;C:\Program Files (x86)\NVIDIA Corporation\PhysX\Common;C:\Program Files\MATLAB\R2022b\runtime\win64;C:\WINDOWS\system32;C:\WINDOWS;C:\WINDOWS\System32\Wbem;C:\WINDOWS\System32\WindowsPowerShell\v1.0\;C:\WINDOWS\System32\OpenSSH\;C:\Program Files\Git\cmd;C:\Users\Aman and Rhanee\AppData\Local\Microsoft\WindowsApps
USERNAME=Aman and Rhanee
OS=Windows_NT
PROCESSOR_IDENTIFIER=Intel64 Family 6 Model 158 Stepping 10, GenuineIntel
TMP=C:\Users\AMANAN~1\AppData\Local\Temp
TEMP=C:\Users\AMANAN~1\AppData\Local\Temp




Periodic native trim disabled

---------------  S Y S T E M  ---------------

OS:
 Windows 10 , 64 bit Build 19041 (10.0.19041.3636)
OS uptime: 16 days 19:11 hours

CPU: total 8 (initial active 8) (4 cores per cpu, 2 threads per core) family 6 model 158 stepping 10 microcode 0xde, cx8, cmov, fxsr, ht, mmx, 3dnowpref, sse, sse2, sse3, ssse3, sse4.1, sse4.2, popcnt, lzcnt, tsc, tscinvbit, avx, avx2, aes, erms, clmul, bmi1, bmi2, adx, fma, vzeroupper, clflush, clflushopt, rdtscp, f16c
Processor Information for all 8 processors :
  Max Mhz: 2304, Current Mhz: 2304, Mhz Limit: 2304

Memory: 4k page, system-wide physical 8066M (569M free)
TotalPageFile size 32642M (AvailPageFile size 5M)
current process WorkingSet (physical memory assigned to process): 201M, peak: 203M
current process commit charge ("private bytes"): 320M, peak: 321M

vm_info: Java HotSpot(TM) 64-Bit Server VM (21.0.1+12-LTS-29) for windows-amd64 JRE (21.0.1+12-LTS-29), built on 2023-10-05T13:27:09Z by "mach5one" with MS VC++ 17.1 (VS2022)

END.
