#
# There is insufficient memory for the Java Runtime Environment to continue.
# Native memory allocation (malloc) failed to allocate 1488016 bytes for Chunk::new
# Possible reasons:
#   The system is out of physical RAM or swap space
#   The process is running with CompressedOops enabled, and the Java Heap may be blocking the growth of the native heap
# Possible solutions:
#   Reduce memory load on the system
#   Increase physical memory or swap space
#   Check if swap backing store is full
#   Decrease Java heap size (-Xmx/-Xms)
#   Decrease number of Java threads
#   Decrease Java thread stack sizes (-Xss)
#   Set larger code cache with -XX:ReservedCodeCacheSize=
#   JVM is running with Unscaled Compressed Oops mode in which the Java heap is
#     placed in the first 4GB address space. The Java Heap base address is the
#     maximum limit for the native heap growth. Please use -XX:HeapBaseMinAddress
#     to set the Java Heap base and to place the Java Heap above 4GB virtual address.
# This output file may be truncated or incomplete.
#
#  Out of Memory Error (arena.cpp:168), pid=13980, tid=25832
#
# JRE version: Java(TM) SE Runtime Environment (21.0.1+12) (build 21.0.1+12-LTS-29)
# Java VM: Java HotSpot(TM) 64-Bit Server VM (21.0.1+12-LTS-29, mixed mode, sharing, tiered, compressed oops, compressed class ptrs, g1 gc, windows-amd64)
# No core dump will be written. Minidumps are not enabled by default on client versions of Windows
#

---------------  S U M M A R Y ------------

Command Line: -Dfile.encoding=UTF-8 --module-path=C:\Users\Aman and Rhanee\Downloads\javafx-sdk-21.0.1\lib --add-modules=javafx.controls,javafx.fxml javafxtesting.JavaFXTesting

Host: Intel(R) Core(TM) i5-8300H CPU @ 2.30GHz, 8 cores, 7G,  Windows 10 , 64 bit Build 19041 (10.0.19041.3636)
Time: Wed Jan  3 00:10:53 2024 Malay Peninsula Standard Time elapsed time: 23.759188 seconds (0d 0h 0m 23s)

---------------  T H R E A D  ---------------

Current thread (0x000001dfb27bab50):  JavaThread "C2 CompilerThread1" daemon [_thread_in_native, id=25832, stack(0x000000347cf00000,0x000000347d000000) (1024K)]


Current CompileTask:
C2:  23759 3774       4       javafx.scene.CssStyleHelper::resolveLookups (463 bytes)

Stack: [0x000000347cf00000,0x000000347d000000]
Native frames: (J=compiled Java code, j=interpreted, Vv=VM code, C=native code)
V  [jvm.dll+0x6c9029]
V  [jvm.dll+0x854b81]
V  [jvm.dll+0x856e5e]
V  [jvm.dll+0x857543]
V  [jvm.dll+0x280c06]
V  [jvm.dll+0xc3ead]
V  [jvm.dll+0xc43c3]
V  [jvm.dll+0x3b5732]
V  [jvm.dll+0x382475]
V  [jvm.dll+0x3818ea]
V  [jvm.dll+0x249ad0]
V  [jvm.dll+0x2490b1]
V  [jvm.dll+0x1c9ca1]
V  [jvm.dll+0x2586b9]
V  [jvm.dll+0x256c9a]
V  [jvm.dll+0x3ef1b6]
V  [jvm.dll+0x7fd728]
V  [jvm.dll+0x6c777d]
C  [ucrtbase.dll+0x21bb2]
C  [KERNEL32.DLL+0x17344]
C  [ntdll.dll+0x526b1]


---------------  P R O C E S S  ---------------

Threads class SMR info:
_java_thread_list=0x000001dff809a6e0, length=19, elements={
0x000001df93588600, 0x000001dfb1fe5fe0, 0x000001dfb1fe7f10, 0x000001dfb1fe9ce0,
0x000001dfb1fedbc0, 0x000001dfb1fee620, 0x000001dfb1ff2580, 0x000001dfb1ff3310,
0x000001dfb1ffbdc0, 0x000001dfb2211a60, 0x000001dfb220f990, 0x000001dfb22106b0,
0x000001dfb220ec70, 0x000001dfb220f300, 0x000001dfb22120f0, 0x000001dfb2210020,
0x000001dfb22113d0, 0x000001dff8a5fb60, 0x000001dfb27bab50
}

Java Threads: ( => current thread )
  0x000001df93588600 JavaThread "main"                              [_thread_blocked, id=2628, stack(0x000000347bd00000,0x000000347be00000) (1024K)]
  0x000001dfb1fe5fe0 JavaThread "Reference Handler"          daemon [_thread_blocked, id=20024, stack(0x000000347c500000,0x000000347c600000) (1024K)]
  0x000001dfb1fe7f10 JavaThread "Finalizer"                  daemon [_thread_blocked, id=21308, stack(0x000000347c600000,0x000000347c700000) (1024K)]
  0x000001dfb1fe9ce0 JavaThread "Signal Dispatcher"          daemon [_thread_blocked, id=18184, stack(0x000000347c700000,0x000000347c800000) (1024K)]
  0x000001dfb1fedbc0 JavaThread "Attach Listener"            daemon [_thread_blocked, id=5952, stack(0x000000347c800000,0x000000347c900000) (1024K)]
  0x000001dfb1fee620 JavaThread "Service Thread"             daemon [_thread_blocked, id=11152, stack(0x000000347c900000,0x000000347ca00000) (1024K)]
  0x000001dfb1ff2580 JavaThread "Monitor Deflation Thread"   daemon [_thread_blocked, id=15564, stack(0x000000347ca00000,0x000000347cb00000) (1024K)]
  0x000001dfb1ff3310 JavaThread "C2 CompilerThread0"         daemon [_thread_blocked, id=18204, stack(0x000000347cb00000,0x000000347cc00000) (1024K)]
  0x000001dfb1ffbdc0 JavaThread "C1 CompilerThread0"         daemon [_thread_blocked, id=14788, stack(0x000000347cc00000,0x000000347cd00000) (1024K)]
  0x000001dfb2211a60 JavaThread "Common-Cleaner"             daemon [_thread_blocked, id=10140, stack(0x000000347cd00000,0x000000347ce00000) (1024K)]
  0x000001dfb220f990 JavaThread "Notification Thread"        daemon [_thread_blocked, id=25240, stack(0x000000347d000000,0x000000347d100000) (1024K)]
  0x000001dfb22106b0 JavaThread "QuantumRenderer-0"          daemon [_thread_blocked, id=10028, stack(0x000000347d100000,0x000000347d200000) (1024K)]
  0x000001dfb220ec70 JavaThread "InvokeLaterDispatcher"      daemon [_thread_blocked, id=22156, stack(0x000000347d200000,0x000000347d300000) (1024K)]
  0x000001dfb220f300 JavaThread "JavaFX Application Thread"         [_thread_in_native, id=15568, stack(0x000000347d300000,0x000000347d400000) (1024K)]
  0x000001dfb22120f0 JavaThread "JavaFX-Launcher"                   [_thread_blocked, id=14092, stack(0x000000347d800000,0x000000347d900000) (1024K)]
  0x000001dfb2210020 JavaThread "Thread-2"                   daemon [_thread_in_native, id=1536, stack(0x000000347d700000,0x000000347d800000) (1024K)]
  0x000001dfb22113d0 JavaThread "Prism Font Disposer"        daemon [_thread_blocked, id=21844, stack(0x000000347e100000,0x000000347e200000) (1024K)]
  0x000001dff8a5fb60 JavaThread "Cleaner-0"                  daemon [_thread_blocked, id=26472, stack(0x000000347ce00000,0x000000347cf00000) (1024K)]
=>0x000001dfb27bab50 JavaThread "C2 CompilerThread1"         daemon [_thread_in_native, id=25832, stack(0x000000347cf00000,0x000000347d000000) (1024K)]
Total: 19

Other Threads:
  0x000001dfb1fc5860 VMThread "VM Thread"                           [id=11724, stack(0x000000347c400000,0x000000347c500000) (1024K)]
  0x000001dfb1fb0050 WatcherThread "VM Periodic Task Thread"        [id=9480, stack(0x000000347c300000,0x000000347c400000) (1024K)]
  0x000001df956f7ef0 WorkerThread "GC Thread#0"                     [id=11900, stack(0x000000347be00000,0x000000347bf00000) (1024K)]
  0x000001dff8fa74f0 WorkerThread "GC Thread#1"                     [id=23756, stack(0x000000347d900000,0x000000347da00000) (1024K)]
  0x000001dff8fb4e10 WorkerThread "GC Thread#2"                     [id=22804, stack(0x000000347da00000,0x000000347db00000) (1024K)]
  0x000001dfb26cc7c0 WorkerThread "GC Thread#3"                     [id=8572, stack(0x000000347db00000,0x000000347dc00000) (1024K)]
  0x000001dfb26f1870 WorkerThread "GC Thread#4"                     [id=7384, stack(0x000000347dc00000,0x000000347dd00000) (1024K)]
  0x000001dff85ff020 WorkerThread "GC Thread#5"                     [id=9876, stack(0x000000347dd00000,0x000000347de00000) (1024K)]
  0x000001dff85fd6c0 WorkerThread "GC Thread#6"                     [id=7512, stack(0x000000347e200000,0x000000347e300000) (1024K)]
  0x000001dff85fec80 WorkerThread "GC Thread#7"                     [id=7804, stack(0x000000347e300000,0x000000347e400000) (1024K)]
  0x000001df95709be0 ConcurrentGCThread "G1 Main Marker"            [id=24528, stack(0x000000347bf00000,0x000000347c000000) (1024K)]
  0x000001df9570be90 WorkerThread "G1 Conc#0"                       [id=19212, stack(0x000000347c000000,0x000000347c100000) (1024K)]
  0x000001dfb1e720c0 ConcurrentGCThread "G1 Refine#0"               [id=26288, stack(0x000000347c100000,0x000000347c200000) (1024K)]
  0x000001df9577d080 ConcurrentGCThread "G1 Service"                [id=12460, stack(0x000000347c200000,0x000000347c300000) (1024K)]
Total: 14

Threads with active compile tasks:
C2 CompilerThread1    23869 3774       4       javafx.scene.CssStyleHelper::resolveLookups (463 bytes)
Total: 1

VM state: not at safepoint (normal execution)

VM Mutex/Monitor currently owned by a thread: None

Heap address: 0x0000000081e00000, size: 2018 MB, Compressed Oops mode: 32-bit

CDS archive(s) mapped at: [0x000001dfb3000000-0x000001dfb3c90000-0x000001dfb3c90000), size 13172736, SharedBaseAddress: 0x000001dfb3000000, ArchiveRelocationMode: 1.
Compressed class space mapped at: 0x000001dfb4000000-0x000001dff4000000, reserved size: 1073741824
Narrow klass base: 0x000001dfb3000000, Narrow klass shift: 0, Narrow klass range: 0x100000000

GC Precious Log:
 CardTable entry size: 512
 Card Set container configuration: InlinePtr #cards 5 size 8 Array Of Cards #cards 12 size 40 Howl #buckets 4 coarsen threshold 1843 Howl Bitmap #cards 512 size 80 coarsen threshold 460 Card regions per heap region 1 cards per card region 2048
 CPUs: 8 total, 8 available
 Memory: 8066M
 Large Page Support: Disabled
 NUMA Support: Disabled
 Compressed Oops: Enabled (32-bit)
 Heap Region Size: 1M
 Heap Min Capacity: 8M
 Heap Initial Capacity: 128M
 Heap Max Capacity: 2018M
 Pre-touch: Disabled
 Parallel Workers: 8
 Concurrent Workers: 2
 Concurrent Refinement Workers: 8
 Periodic GC: Disabled

Heap:
 garbage-first heap   total 131072K, used 53143K [0x0000000081e00000, 0x0000000100000000)
  region size 1024K, 50 young (51200K), 4 survivors (4096K)
 Metaspace       used 19437K, committed 19776K, reserved 1114112K
  class space    used 2958K, committed 3136K, reserved 1048576K

Heap Regions: E=young(eden), S=young(survivor), O=old, HS=humongous(starts), HC=humongous(continues), CS=collection set, F=free, TAMS=top-at-mark-start, PB=parsable bottom
|   0|0x0000000081e00000, 0x0000000081f00000, 0x0000000081f00000|100%| O|  |TAMS 0x0000000081e00000| PB 0x0000000081e00000| Untracked 
|   1|0x0000000081f00000, 0x0000000082000000, 0x0000000082000000|100%| O|  |TAMS 0x0000000081f00000| PB 0x0000000081f00000| Untracked 
|   2|0x0000000082000000, 0x00000000820a5ef0, 0x0000000082100000| 64%| O|  |TAMS 0x0000000082000000| PB 0x0000000082000000| Untracked 
|   3|0x0000000082100000, 0x0000000082200000, 0x0000000082200000|100%|HS|  |TAMS 0x0000000082100000| PB 0x0000000082100000| Complete 
|   4|0x0000000082200000, 0x0000000082300000, 0x0000000082300000|100%|HC|  |TAMS 0x0000000082200000| PB 0x0000000082200000| Complete 
|   5|0x0000000082300000, 0x0000000082300000, 0x0000000082400000|  0%| F|  |TAMS 0x0000000082300000| PB 0x0000000082300000| Untracked 
|   6|0x0000000082400000, 0x0000000082400000, 0x0000000082500000|  0%| F|  |TAMS 0x0000000082400000| PB 0x0000000082400000| Untracked 
|   7|0x0000000082500000, 0x0000000082500000, 0x0000000082600000|  0%| F|  |TAMS 0x0000000082500000| PB 0x0000000082500000| Untracked 
|   8|0x0000000082600000, 0x0000000082600000, 0x0000000082700000|  0%| F|  |TAMS 0x0000000082600000| PB 0x0000000082600000| Untracked 
|   9|0x0000000082700000, 0x0000000082700000, 0x0000000082800000|  0%| F|  |TAMS 0x0000000082700000| PB 0x0000000082700000| Untracked 
|  10|0x0000000082800000, 0x0000000082800000, 0x0000000082900000|  0%| F|  |TAMS 0x0000000082800000| PB 0x0000000082800000| Untracked 
|  11|0x0000000082900000, 0x0000000082900000, 0x0000000082a00000|  0%| F|  |TAMS 0x0000000082900000| PB 0x0000000082900000| Untracked 
|  12|0x0000000082a00000, 0x0000000082a00000, 0x0000000082b00000|  0%| F|  |TAMS 0x0000000082a00000| PB 0x0000000082a00000| Untracked 
|  13|0x0000000082b00000, 0x0000000082b00000, 0x0000000082c00000|  0%| F|  |TAMS 0x0000000082b00000| PB 0x0000000082b00000| Untracked 
|  14|0x0000000082c00000, 0x0000000082c00000, 0x0000000082d00000|  0%| F|  |TAMS 0x0000000082c00000| PB 0x0000000082c00000| Untracked 
|  15|0x0000000082d00000, 0x0000000082d00000, 0x0000000082e00000|  0%| F|  |TAMS 0x0000000082d00000| PB 0x0000000082d00000| Untracked 
|  16|0x0000000082e00000, 0x0000000082e00000, 0x0000000082f00000|  0%| F|  |TAMS 0x0000000082e00000| PB 0x0000000082e00000| Untracked 
|  17|0x0000000082f00000, 0x0000000082f00000, 0x0000000083000000|  0%| F|  |TAMS 0x0000000082f00000| PB 0x0000000082f00000| Untracked 
|  18|0x0000000083000000, 0x0000000083000000, 0x0000000083100000|  0%| F|  |TAMS 0x0000000083000000| PB 0x0000000083000000| Untracked 
|  19|0x0000000083100000, 0x0000000083100000, 0x0000000083200000|  0%| F|  |TAMS 0x0000000083100000| PB 0x0000000083100000| Untracked 
|  20|0x0000000083200000, 0x0000000083200000, 0x0000000083300000|  0%| F|  |TAMS 0x0000000083200000| PB 0x0000000083200000| Untracked 
|  21|0x0000000083300000, 0x0000000083300000, 0x0000000083400000|  0%| F|  |TAMS 0x0000000083300000| PB 0x0000000083300000| Untracked 
|  22|0x0000000083400000, 0x0000000083400000, 0x0000000083500000|  0%| F|  |TAMS 0x0000000083400000| PB 0x0000000083400000| Untracked 
|  23|0x0000000083500000, 0x0000000083500000, 0x0000000083600000|  0%| F|  |TAMS 0x0000000083500000| PB 0x0000000083500000| Untracked 
|  24|0x0000000083600000, 0x0000000083600000, 0x0000000083700000|  0%| F|  |TAMS 0x0000000083600000| PB 0x0000000083600000| Untracked 
|  25|0x0000000083700000, 0x0000000083700000, 0x0000000083800000|  0%| F|  |TAMS 0x0000000083700000| PB 0x0000000083700000| Untracked 
|  26|0x0000000083800000, 0x0000000083800000, 0x0000000083900000|  0%| F|  |TAMS 0x0000000083800000| PB 0x0000000083800000| Untracked 
|  27|0x0000000083900000, 0x0000000083900000, 0x0000000083a00000|  0%| F|  |TAMS 0x0000000083900000| PB 0x0000000083900000| Untracked 
|  28|0x0000000083a00000, 0x0000000083a00000, 0x0000000083b00000|  0%| F|  |TAMS 0x0000000083a00000| PB 0x0000000083a00000| Untracked 
|  29|0x0000000083b00000, 0x0000000083b00000, 0x0000000083c00000|  0%| F|  |TAMS 0x0000000083b00000| PB 0x0000000083b00000| Untracked 
|  30|0x0000000083c00000, 0x0000000083c00000, 0x0000000083d00000|  0%| F|  |TAMS 0x0000000083c00000| PB 0x0000000083c00000| Untracked 
|  31|0x0000000083d00000, 0x0000000083d00000, 0x0000000083e00000|  0%| F|  |TAMS 0x0000000083d00000| PB 0x0000000083d00000| Untracked 
|  32|0x0000000083e00000, 0x0000000083e00000, 0x0000000083f00000|  0%| F|  |TAMS 0x0000000083e00000| PB 0x0000000083e00000| Untracked 
|  33|0x0000000083f00000, 0x0000000083f00000, 0x0000000084000000|  0%| F|  |TAMS 0x0000000083f00000| PB 0x0000000083f00000| Untracked 
|  34|0x0000000084000000, 0x0000000084000000, 0x0000000084100000|  0%| F|  |TAMS 0x0000000084000000| PB 0x0000000084000000| Untracked 
|  35|0x0000000084100000, 0x0000000084100000, 0x0000000084200000|  0%| F|  |TAMS 0x0000000084100000| PB 0x0000000084100000| Untracked 
|  36|0x0000000084200000, 0x0000000084200000, 0x0000000084300000|  0%| F|  |TAMS 0x0000000084200000| PB 0x0000000084200000| Untracked 
|  37|0x0000000084300000, 0x0000000084300000, 0x0000000084400000|  0%| F|  |TAMS 0x0000000084300000| PB 0x0000000084300000| Untracked 
|  38|0x0000000084400000, 0x0000000084400000, 0x0000000084500000|  0%| F|  |TAMS 0x0000000084400000| PB 0x0000000084400000| Untracked 
|  39|0x0000000084500000, 0x0000000084500000, 0x0000000084600000|  0%| F|  |TAMS 0x0000000084500000| PB 0x0000000084500000| Untracked 
|  40|0x0000000084600000, 0x0000000084600000, 0x0000000084700000|  0%| F|  |TAMS 0x0000000084600000| PB 0x0000000084600000| Untracked 
|  41|0x0000000084700000, 0x0000000084700000, 0x0000000084800000|  0%| F|  |TAMS 0x0000000084700000| PB 0x0000000084700000| Untracked 
|  42|0x0000000084800000, 0x0000000084800000, 0x0000000084900000|  0%| F|  |TAMS 0x0000000084800000| PB 0x0000000084800000| Untracked 
|  43|0x0000000084900000, 0x0000000084900000, 0x0000000084a00000|  0%| F|  |TAMS 0x0000000084900000| PB 0x0000000084900000| Untracked 
|  44|0x0000000084a00000, 0x0000000084a00000, 0x0000000084b00000|  0%| F|  |TAMS 0x0000000084a00000| PB 0x0000000084a00000| Untracked 
|  45|0x0000000084b00000, 0x0000000084b00000, 0x0000000084c00000|  0%| F|  |TAMS 0x0000000084b00000| PB 0x0000000084b00000| Untracked 
|  46|0x0000000084c00000, 0x0000000084c00000, 0x0000000084d00000|  0%| F|  |TAMS 0x0000000084c00000| PB 0x0000000084c00000| Untracked 
|  47|0x0000000084d00000, 0x0000000084d00000, 0x0000000084e00000|  0%| F|  |TAMS 0x0000000084d00000| PB 0x0000000084d00000| Untracked 
|  48|0x0000000084e00000, 0x0000000084e00000, 0x0000000084f00000|  0%| F|  |TAMS 0x0000000084e00000| PB 0x0000000084e00000| Untracked 
|  49|0x0000000084f00000, 0x0000000084f00000, 0x0000000085000000|  0%| F|  |TAMS 0x0000000084f00000| PB 0x0000000084f00000| Untracked 
|  50|0x0000000085000000, 0x0000000085000000, 0x0000000085100000|  0%| F|  |TAMS 0x0000000085000000| PB 0x0000000085000000| Untracked 
|  51|0x0000000085100000, 0x0000000085100000, 0x0000000085200000|  0%| F|  |TAMS 0x0000000085100000| PB 0x0000000085100000| Untracked 
|  52|0x0000000085200000, 0x0000000085200000, 0x0000000085300000|  0%| F|  |TAMS 0x0000000085200000| PB 0x0000000085200000| Untracked 
|  53|0x0000000085300000, 0x0000000085300000, 0x0000000085400000|  0%| F|  |TAMS 0x0000000085300000| PB 0x0000000085300000| Untracked 
|  54|0x0000000085400000, 0x0000000085400000, 0x0000000085500000|  0%| F|  |TAMS 0x0000000085400000| PB 0x0000000085400000| Untracked 
|  55|0x0000000085500000, 0x0000000085500000, 0x0000000085600000|  0%| F|  |TAMS 0x0000000085500000| PB 0x0000000085500000| Untracked 
|  56|0x0000000085600000, 0x0000000085600000, 0x0000000085700000|  0%| F|  |TAMS 0x0000000085600000| PB 0x0000000085600000| Untracked 
|  57|0x0000000085700000, 0x0000000085700000, 0x0000000085800000|  0%| F|  |TAMS 0x0000000085700000| PB 0x0000000085700000| Untracked 
|  58|0x0000000085800000, 0x0000000085800000, 0x0000000085900000|  0%| F|  |TAMS 0x0000000085800000| PB 0x0000000085800000| Untracked 
|  59|0x0000000085900000, 0x0000000085900000, 0x0000000085a00000|  0%| F|  |TAMS 0x0000000085900000| PB 0x0000000085900000| Untracked 
|  60|0x0000000085a00000, 0x0000000085a00000, 0x0000000085b00000|  0%| F|  |TAMS 0x0000000085a00000| PB 0x0000000085a00000| Untracked 
|  61|0x0000000085b00000, 0x0000000085b00000, 0x0000000085c00000|  0%| F|  |TAMS 0x0000000085b00000| PB 0x0000000085b00000| Untracked 
|  62|0x0000000085c00000, 0x0000000085c00000, 0x0000000085d00000|  0%| F|  |TAMS 0x0000000085c00000| PB 0x0000000085c00000| Untracked 
|  63|0x0000000085d00000, 0x0000000085d00000, 0x0000000085e00000|  0%| F|  |TAMS 0x0000000085d00000| PB 0x0000000085d00000| Untracked 
|  64|0x0000000085e00000, 0x0000000085e00000, 0x0000000085f00000|  0%| F|  |TAMS 0x0000000085e00000| PB 0x0000000085e00000| Untracked 
|  65|0x0000000085f00000, 0x0000000085f00000, 0x0000000086000000|  0%| F|  |TAMS 0x0000000085f00000| PB 0x0000000085f00000| Untracked 
|  66|0x0000000086000000, 0x0000000086000000, 0x0000000086100000|  0%| F|  |TAMS 0x0000000086000000| PB 0x0000000086000000| Untracked 
|  67|0x0000000086100000, 0x0000000086100000, 0x0000000086200000|  0%| F|  |TAMS 0x0000000086100000| PB 0x0000000086100000| Untracked 
|  68|0x0000000086200000, 0x0000000086200000, 0x0000000086300000|  0%| F|  |TAMS 0x0000000086200000| PB 0x0000000086200000| Untracked 
|  69|0x0000000086300000, 0x0000000086300000, 0x0000000086400000|  0%| F|  |TAMS 0x0000000086300000| PB 0x0000000086300000| Untracked 
|  70|0x0000000086400000, 0x0000000086400000, 0x0000000086500000|  0%| F|  |TAMS 0x0000000086400000| PB 0x0000000086400000| Untracked 
|  71|0x0000000086500000, 0x0000000086500000, 0x0000000086600000|  0%| F|  |TAMS 0x0000000086500000| PB 0x0000000086500000| Untracked 
|  72|0x0000000086600000, 0x0000000086600000, 0x0000000086700000|  0%| F|  |TAMS 0x0000000086600000| PB 0x0000000086600000| Untracked 
|  73|0x0000000086700000, 0x0000000086700000, 0x0000000086800000|  0%| F|  |TAMS 0x0000000086700000| PB 0x0000000086700000| Untracked 
|  74|0x0000000086800000, 0x0000000086800000, 0x0000000086900000|  0%| F|  |TAMS 0x0000000086800000| PB 0x0000000086800000| Untracked 
|  75|0x0000000086900000, 0x0000000086900000, 0x0000000086a00000|  0%| F|  |TAMS 0x0000000086900000| PB 0x0000000086900000| Untracked 
|  76|0x0000000086a00000, 0x0000000086a00000, 0x0000000086b00000|  0%| F|  |TAMS 0x0000000086a00000| PB 0x0000000086a00000| Untracked 
|  77|0x0000000086b00000, 0x0000000086b00000, 0x0000000086c00000|  0%| F|  |TAMS 0x0000000086b00000| PB 0x0000000086b00000| Untracked 
|  78|0x0000000086c00000, 0x0000000086c7eb50, 0x0000000086d00000| 49%| E|  |TAMS 0x0000000086c00000| PB 0x0000000086c00000| Complete 
|  79|0x0000000086d00000, 0x0000000086e00000, 0x0000000086e00000|100%| E|CS|TAMS 0x0000000086d00000| PB 0x0000000086d00000| Complete 
|  80|0x0000000086e00000, 0x0000000086f00000, 0x0000000086f00000|100%| E|CS|TAMS 0x0000000086e00000| PB 0x0000000086e00000| Complete 
|  81|0x0000000086f00000, 0x0000000087000000, 0x0000000087000000|100%| E|CS|TAMS 0x0000000086f00000| PB 0x0000000086f00000| Complete 
|  82|0x0000000087000000, 0x0000000087100000, 0x0000000087100000|100%| E|  |TAMS 0x0000000087000000| PB 0x0000000087000000| Complete 
|  83|0x0000000087100000, 0x0000000087200000, 0x0000000087200000|100%| E|CS|TAMS 0x0000000087100000| PB 0x0000000087100000| Complete 
|  84|0x0000000087200000, 0x0000000087300000, 0x0000000087300000|100%| E|CS|TAMS 0x0000000087200000| PB 0x0000000087200000| Complete 
|  85|0x0000000087300000, 0x0000000087400000, 0x0000000087400000|100%| E|CS|TAMS 0x0000000087300000| PB 0x0000000087300000| Complete 
|  86|0x0000000087400000, 0x0000000087500000, 0x0000000087500000|100%| E|CS|TAMS 0x0000000087400000| PB 0x0000000087400000| Complete 
|  87|0x0000000087500000, 0x000000008753fe10, 0x0000000087600000| 24%| S|CS|TAMS 0x0000000087500000| PB 0x0000000087500000| Complete 
|  88|0x0000000087600000, 0x0000000087700000, 0x0000000087700000|100%| S|CS|TAMS 0x0000000087600000| PB 0x0000000087600000| Complete 
|  89|0x0000000087700000, 0x0000000087800000, 0x0000000087800000|100%| S|CS|TAMS 0x0000000087700000| PB 0x0000000087700000| Complete 
|  90|0x0000000087800000, 0x0000000087900000, 0x0000000087900000|100%| S|CS|TAMS 0x0000000087800000| PB 0x0000000087800000| Complete 
|  91|0x0000000087900000, 0x0000000087a00000, 0x0000000087a00000|100%| E|CS|TAMS 0x0000000087900000| PB 0x0000000087900000| Complete 
|  92|0x0000000087a00000, 0x0000000087b00000, 0x0000000087b00000|100%| E|CS|TAMS 0x0000000087a00000| PB 0x0000000087a00000| Complete 
|  93|0x0000000087b00000, 0x0000000087c00000, 0x0000000087c00000|100%| E|CS|TAMS 0x0000000087b00000| PB 0x0000000087b00000| Complete 
|  94|0x0000000087c00000, 0x0000000087d00000, 0x0000000087d00000|100%| E|CS|TAMS 0x0000000087c00000| PB 0x0000000087c00000| Complete 
|  95|0x0000000087d00000, 0x0000000087e00000, 0x0000000087e00000|100%| E|CS|TAMS 0x0000000087d00000| PB 0x0000000087d00000| Complete 
|  96|0x0000000087e00000, 0x0000000087f00000, 0x0000000087f00000|100%| E|CS|TAMS 0x0000000087e00000| PB 0x0000000087e00000| Complete 
|  97|0x0000000087f00000, 0x0000000088000000, 0x0000000088000000|100%| E|CS|TAMS 0x0000000087f00000| PB 0x0000000087f00000| Complete 
|  98|0x0000000088000000, 0x0000000088100000, 0x0000000088100000|100%| E|CS|TAMS 0x0000000088000000| PB 0x0000000088000000| Complete 
|  99|0x0000000088100000, 0x0000000088200000, 0x0000000088200000|100%| E|CS|TAMS 0x0000000088100000| PB 0x0000000088100000| Complete 
| 100|0x0000000088200000, 0x0000000088300000, 0x0000000088300000|100%| E|CS|TAMS 0x0000000088200000| PB 0x0000000088200000| Complete 
| 101|0x0000000088300000, 0x0000000088400000, 0x0000000088400000|100%| E|CS|TAMS 0x0000000088300000| PB 0x0000000088300000| Complete 
| 102|0x0000000088400000, 0x0000000088500000, 0x0000000088500000|100%| E|CS|TAMS 0x0000000088400000| PB 0x0000000088400000| Complete 
| 103|0x0000000088500000, 0x0000000088600000, 0x0000000088600000|100%| E|CS|TAMS 0x0000000088500000| PB 0x0000000088500000| Complete 
| 104|0x0000000088600000, 0x0000000088700000, 0x0000000088700000|100%| E|CS|TAMS 0x0000000088600000| PB 0x0000000088600000| Complete 
| 105|0x0000000088700000, 0x0000000088800000, 0x0000000088800000|100%| E|CS|TAMS 0x0000000088700000| PB 0x0000000088700000| Complete 
| 106|0x0000000088800000, 0x0000000088900000, 0x0000000088900000|100%| E|CS|TAMS 0x0000000088800000| PB 0x0000000088800000| Complete 
| 107|0x0000000088900000, 0x0000000088a00000, 0x0000000088a00000|100%| E|CS|TAMS 0x0000000088900000| PB 0x0000000088900000| Complete 
| 108|0x0000000088a00000, 0x0000000088b00000, 0x0000000088b00000|100%| E|CS|TAMS 0x0000000088a00000| PB 0x0000000088a00000| Complete 
| 109|0x0000000088b00000, 0x0000000088c00000, 0x0000000088c00000|100%| E|CS|TAMS 0x0000000088b00000| PB 0x0000000088b00000| Complete 
| 110|0x0000000088c00000, 0x0000000088d00000, 0x0000000088d00000|100%| E|CS|TAMS 0x0000000088c00000| PB 0x0000000088c00000| Complete 
| 111|0x0000000088d00000, 0x0000000088e00000, 0x0000000088e00000|100%| E|CS|TAMS 0x0000000088d00000| PB 0x0000000088d00000| Complete 
| 112|0x0000000088e00000, 0x0000000088f00000, 0x0000000088f00000|100%| E|CS|TAMS 0x0000000088e00000| PB 0x0000000088e00000| Complete 
| 113|0x0000000088f00000, 0x0000000089000000, 0x0000000089000000|100%| E|CS|TAMS 0x0000000088f00000| PB 0x0000000088f00000| Complete 
| 114|0x0000000089000000, 0x0000000089100000, 0x0000000089100000|100%| E|CS|TAMS 0x0000000089000000| PB 0x0000000089000000| Complete 
| 115|0x0000000089100000, 0x0000000089200000, 0x0000000089200000|100%| E|CS|TAMS 0x0000000089100000| PB 0x0000000089100000| Complete 
| 116|0x0000000089200000, 0x0000000089300000, 0x0000000089300000|100%| E|CS|TAMS 0x0000000089200000| PB 0x0000000089200000| Complete 
| 117|0x0000000089300000, 0x0000000089400000, 0x0000000089400000|100%| E|CS|TAMS 0x0000000089300000| PB 0x0000000089300000| Complete 
| 118|0x0000000089400000, 0x0000000089500000, 0x0000000089500000|100%| E|CS|TAMS 0x0000000089400000| PB 0x0000000089400000| Complete 
| 119|0x0000000089500000, 0x0000000089600000, 0x0000000089600000|100%| E|CS|TAMS 0x0000000089500000| PB 0x0000000089500000| Complete 
| 120|0x0000000089600000, 0x0000000089700000, 0x0000000089700000|100%| E|CS|TAMS 0x0000000089600000| PB 0x0000000089600000| Complete 
| 121|0x0000000089700000, 0x0000000089800000, 0x0000000089800000|100%| E|CS|TAMS 0x0000000089700000| PB 0x0000000089700000| Complete 
| 122|0x0000000089800000, 0x0000000089900000, 0x0000000089900000|100%| E|CS|TAMS 0x0000000089800000| PB 0x0000000089800000| Complete 
| 123|0x0000000089900000, 0x0000000089a00000, 0x0000000089a00000|100%| E|CS|TAMS 0x0000000089900000| PB 0x0000000089900000| Complete 
| 124|0x0000000089a00000, 0x0000000089b00000, 0x0000000089b00000|100%| E|CS|TAMS 0x0000000089a00000| PB 0x0000000089a00000| Complete 
| 125|0x0000000089b00000, 0x0000000089c00000, 0x0000000089c00000|100%| E|CS|TAMS 0x0000000089b00000| PB 0x0000000089b00000| Complete 
| 126|0x0000000089c00000, 0x0000000089d00000, 0x0000000089d00000|100%| E|CS|TAMS 0x0000000089c00000| PB 0x0000000089c00000| Complete 
| 127|0x0000000089d00000, 0x0000000089e00000, 0x0000000089e00000|100%| E|CS|TAMS 0x0000000089d00000| PB 0x0000000089d00000| Complete 

Card table byte_map: [0x000001dfad240000,0x000001dfad640000] _byte_map_base: 0x000001dface31000

Marking Bits: (CMBitMap*) 0x000001df956f8500
 Bits: [0x000001dfad640000, 0x000001dfaf5c8000)

Polling page: 0x000001df936c0000

Metaspace:

Usage:
  Non-class:     16.09 MB used.
      Class:      2.89 MB used.
       Both:     18.98 MB used.

Virtual space:
  Non-class space:       64.00 MB reserved,      16.25 MB ( 25%) committed,  1 nodes.
      Class space:        1.00 GB reserved,       3.06 MB ( <1%) committed,  1 nodes.
             Both:        1.06 GB reserved,      19.31 MB (  2%) committed. 

Chunk freelists:
   Non-Class:  15.66 MB
       Class:  12.98 MB
        Both:  28.64 MB

MaxMetaspaceSize: unlimited
CompressedClassSpaceSize: 1.00 GB
Initial GC threshold: 21.00 MB
Current GC threshold: 21.00 MB
CDS: on
 - commit_granule_bytes: 65536.
 - commit_granule_words: 8192.
 - virtual_space_node_default_size: 8388608.
 - enlarge_chunks_in_place: 1.
 - use_allocation_guard: 0.


Internal statistics:

num_allocs_failed_limit: 0.
num_arena_births: 352.
num_arena_deaths: 0.
num_vsnodes_births: 2.
num_vsnodes_deaths: 0.
num_space_committed: 309.
num_space_uncommitted: 0.
num_chunks_returned_to_freelist: 0.
num_chunks_taken_from_freelist: 1034.
num_chunk_merges: 0.
num_chunk_splits: 714.
num_chunks_enlarged: 548.
num_inconsistent_stats: 0.

CodeHeap 'non-profiled nmethods': size=120000Kb used=1878Kb max_used=1878Kb free=118121Kb
 bounds [0x000001dfa55e0000, 0x000001dfa5850000, 0x000001dfacb10000]
CodeHeap 'profiled nmethods': size=120000Kb used=8734Kb max_used=8734Kb free=111265Kb
 bounds [0x000001df9db10000, 0x000001df9e3a0000, 0x000001dfa5040000]
CodeHeap 'non-nmethods': size=5760Kb used=1809Kb max_used=1844Kb free=3950Kb
 bounds [0x000001dfa5040000, 0x000001dfa52b0000, 0x000001dfa55e0000]
 total_blobs=5034 nmethods=4211 adapters=726
 compilation: enabled
              stopped_count=0, restarted_count=0
 full_count=0

Compilation events (20 events):
Event: 23.736 Thread 0x000001dfb1ffbdc0 nmethod 4136 0x000001df9e365190 code [0x000001df9e365360, 0x000001df9e3657a8]
Event: 23.736 Thread 0x000001dfb1ffbdc0 4137       3       javafx.scene.layout.Region$StyleableProperties$6::isSettable (23 bytes)
Event: 23.737 Thread 0x000001dfb1ffbdc0 nmethod 4137 0x000001df9e365910 code [0x000001df9e365ac0, 0x000001df9e365db0]
Event: 23.737 Thread 0x000001dfb1ffbdc0 4138       3       javafx.scene.layout.Region$StyleableProperties$7::isSettable (9 bytes)
Event: 23.737 Thread 0x000001dfb1ffbdc0 nmethod 4138 0x000001df9e365e90 code [0x000001df9e366060, 0x000001df9e3664a8]
Event: 23.737 Thread 0x000001dfb1ffbdc0 4139       3       javafx.scene.layout.Region$StyleableProperties$7::isSettable (23 bytes)
Event: 23.737 Thread 0x000001dfb1ffbdc0 nmethod 4139 0x000001df9e366610 code [0x000001df9e3667c0, 0x000001df9e366ab0]
Event: 23.737 Thread 0x000001dfb1ffbdc0 4142       3       com.sun.javafx.scene.control.LabeledText::getCssMetaData (4 bytes)
Event: 23.737 Thread 0x000001dfb1ffbdc0 nmethod 4142 0x000001df9e366b90 code [0x000001df9e366d40, 0x000001df9e366eb0]
Event: 23.737 Thread 0x000001dfb1ffbdc0 4143       3       com.sun.javafx.scene.control.LabeledText::getClassCssMetaData (4 bytes)
Event: 23.737 Thread 0x000001dfb1ffbdc0 nmethod 4143 0x000001df9e366f90 code [0x000001df9e367120, 0x000001df9e367218]
Event: 23.737 Thread 0x000001dfb1ffbdc0 4141       1       javafx.css.StyleableDoubleProperty::getStyleOrigin (5 bytes)
Event: 23.737 Thread 0x000001dfb1ffbdc0 nmethod 4141 0x000001dfa57ad390 code [0x000001dfa57ad520, 0x000001dfa57ad5e8]
Event: 23.738 Thread 0x000001dfb1ffbdc0 4146       3       com.sun.javafx.collections.VetoableListDecorator::toArray (11 bytes)
Event: 23.738 Thread 0x000001dfb1ffbdc0 nmethod 4146 0x000001df9e367290 code [0x000001df9e367440, 0x000001df9e367618]
Event: 23.738 Thread 0x000001dfb1ffbdc0 4147       3       com.sun.javafx.scene.control.LabeledText$2::isSettable (9 bytes)
Event: 23.740 Thread 0x000001dfb1ffbdc0 nmethod 4147 0x000001df9e367710 code [0x000001df9e3678e0, 0x000001df9e367d38]
Event: 23.740 Thread 0x000001dfb1ffbdc0 4148       3       com.sun.javafx.scene.control.LabeledText$2::isSettable (19 bytes)
Event: 23.740 Thread 0x000001dfb1ffbdc0 nmethod 4148 0x000001df9e367f10 code [0x000001df9e3680e0, 0x000001df9e3683d0]
Event: 23.740 Thread 0x000001dfb1ffbdc0 4149       3       com.sun.javafx.scene.control.LabeledText$4::isSettable (9 bytes)

GC Heap History (4 events):
Event: 0.556 GC heap before
{Heap before GC invocations=0 (full 0):
 garbage-first heap   total 131072K, used 22528K [0x0000000081e00000, 0x0000000100000000)
  region size 1024K, 23 young (23552K), 0 survivors (0K)
 Metaspace       used 5342K, committed 5568K, reserved 1114112K
  class space    used 628K, committed 704K, reserved 1048576K
}
Event: 0.560 GC heap after
{Heap after GC invocations=1 (full 0):
 garbage-first heap   total 131072K, used 3072K [0x0000000081e00000, 0x0000000100000000)
  region size 1024K, 3 young (3072K), 3 survivors (3072K)
 Metaspace       used 5342K, committed 5568K, reserved 1114112K
  class space    used 628K, committed 704K, reserved 1048576K
}
Event: 1.097 GC heap before
{Heap before GC invocations=1 (full 0):
 garbage-first heap   total 131072K, used 36864K [0x0000000081e00000, 0x0000000100000000)
  region size 1024K, 37 young (37888K), 3 survivors (3072K)
 Metaspace       used 12695K, committed 12992K, reserved 1114112K
  class space    used 1943K, committed 2048K, reserved 1048576K
}
Event: 1.101 GC heap after
{Heap after GC invocations=2 (full 0):
 garbage-first heap   total 131072K, used 6039K [0x0000000081e00000, 0x0000000100000000)
  region size 1024K, 4 young (4096K), 4 survivors (4096K)
 Metaspace       used 12695K, committed 12992K, reserved 1114112K
  class space    used 1943K, committed 2048K, reserved 1048576K
}

Dll operation events (20 events):
Event: 0.275 Loaded shared library C:\Users\Aman and Rhanee\Downloads\javafx-sdk-21.0.1\bin\api-ms-win-crt-locale-l1-1-0.dll
Event: 0.276 Loaded shared library C:\Users\Aman and Rhanee\Downloads\javafx-sdk-21.0.1\bin\api-ms-win-crt-math-l1-1-0.dll
Event: 0.279 Loaded shared library C:\Users\Aman and Rhanee\Downloads\javafx-sdk-21.0.1\bin\api-ms-win-crt-multibyte-l1-1-0.dll
Event: 0.280 Loaded shared library C:\Users\Aman and Rhanee\Downloads\javafx-sdk-21.0.1\bin\api-ms-win-crt-private-l1-1-0.dll
Event: 0.282 Loaded shared library C:\Users\Aman and Rhanee\Downloads\javafx-sdk-21.0.1\bin\api-ms-win-crt-process-l1-1-0.dll
Event: 0.284 Loaded shared library C:\Users\Aman and Rhanee\Downloads\javafx-sdk-21.0.1\bin\api-ms-win-crt-runtime-l1-1-0.dll
Event: 0.286 Loaded shared library C:\Users\Aman and Rhanee\Downloads\javafx-sdk-21.0.1\bin\api-ms-win-crt-stdio-l1-1-0.dll
Event: 0.288 Loaded shared library C:\Users\Aman and Rhanee\Downloads\javafx-sdk-21.0.1\bin\api-ms-win-crt-string-l1-1-0.dll
Event: 0.290 Loaded shared library C:\Users\Aman and Rhanee\Downloads\javafx-sdk-21.0.1\bin\api-ms-win-crt-time-l1-1-0.dll
Event: 0.291 Loaded shared library C:\Users\Aman and Rhanee\Downloads\javafx-sdk-21.0.1\bin\api-ms-win-crt-utility-l1-1-0.dll
Event: 0.294 Loaded shared library C:\Users\Aman and Rhanee\Downloads\javafx-sdk-21.0.1\bin\ucrtbase.dll
Event: 0.296 Loaded shared library C:\Users\Aman and Rhanee\Downloads\javafx-sdk-21.0.1\bin\vcruntime140.dll
Event: 0.298 Loaded shared library C:\Users\Aman and Rhanee\Downloads\javafx-sdk-21.0.1\bin\vcruntime140_1.dll
Event: 0.300 Loaded shared library C:\Users\Aman and Rhanee\Downloads\javafx-sdk-21.0.1\bin\msvcp140.dll
Event: 0.302 Loaded shared library C:\Users\Aman and Rhanee\Downloads\javafx-sdk-21.0.1\bin\msvcp140_1.dll
Event: 0.304 Loaded shared library C:\Users\Aman and Rhanee\Downloads\javafx-sdk-21.0.1\bin\msvcp140_2.dll
Event: 0.344 Loaded shared library C:\Users\Aman and Rhanee\Downloads\javafx-sdk-21.0.1\bin\prism_d3d.dll
Event: 0.380 Loaded shared library C:\Users\Aman and Rhanee\Downloads\javafx-sdk-21.0.1\bin\glass.dll
Event: 0.485 Loaded shared library C:\Program Files\Java\jdk-21\bin\jimage.dll
Event: 0.684 Loaded shared library C:\Users\Aman and Rhanee\Downloads\javafx-sdk-21.0.1\bin\javafx_font.dll

Deoptimization events (20 events):
Event: 23.693 Thread 0x000001dfb22106b0 Uncommon trap: trap_request=0xffffffd6 fr.pc=0x000001dfa57a90ec relative=0x00000000000004ec
Event: 23.693 Thread 0x000001dfb22106b0 Uncommon trap: reason=array_check action=maybe_recompile pc=0x000001dfa57a90ec method=com.sun.prism.impl.ps.BaseShaderContext.setTexture(ILcom/sun/prism/Texture;)V @ 50 c2
Event: 23.693 Thread 0x000001dfb22106b0 DEOPT PACKING pc=0x000001dfa57a90ec sp=0x000000347d1fd0e0
Event: 23.693 Thread 0x000001dfb22106b0 DEOPT UNPACKING pc=0x000001dfa50946a2 sp=0x000000347d1fd0d0 mode 2
Event: 23.704 Thread 0x000001dfb22106b0 Uncommon trap: trap_request=0xffffffd6 fr.pc=0x000001dfa57a90ec relative=0x00000000000004ec
Event: 23.704 Thread 0x000001dfb22106b0 Uncommon trap: reason=array_check action=maybe_recompile pc=0x000001dfa57a90ec method=com.sun.prism.impl.ps.BaseShaderContext.setTexture(ILcom/sun/prism/Texture;)V @ 50 c2
Event: 23.704 Thread 0x000001dfb22106b0 DEOPT PACKING pc=0x000001dfa57a90ec sp=0x000000347d1fd0e0
Event: 23.704 Thread 0x000001dfb22106b0 DEOPT UNPACKING pc=0x000001dfa50946a2 sp=0x000000347d1fd0d0 mode 2
Event: 23.704 Thread 0x000001dfb22106b0 Uncommon trap: trap_request=0xffffffd6 fr.pc=0x000001dfa57a90ec relative=0x00000000000004ec
Event: 23.704 Thread 0x000001dfb22106b0 Uncommon trap: reason=array_check action=maybe_recompile pc=0x000001dfa57a90ec method=com.sun.prism.impl.ps.BaseShaderContext.setTexture(ILcom/sun/prism/Texture;)V @ 50 c2
Event: 23.704 Thread 0x000001dfb22106b0 DEOPT PACKING pc=0x000001dfa57a90ec sp=0x000000347d1fd380
Event: 23.704 Thread 0x000001dfb22106b0 DEOPT UNPACKING pc=0x000001dfa50946a2 sp=0x000000347d1fd370 mode 2
Event: 23.704 Thread 0x000001dfb22106b0 Uncommon trap: trap_request=0xffffff45 fr.pc=0x000001dfa573e0a8 relative=0x00000000000044e8
Event: 23.704 Thread 0x000001dfb22106b0 Uncommon trap: reason=unstable_if action=reinterpret pc=0x000001dfa573e0a8 method=com.sun.marlin.Renderer._endRendering(IILcom/sun/marlin/MarlinAlphaConsumer;)V @ 341 c2
Event: 23.704 Thread 0x000001dfb22106b0 DEOPT PACKING pc=0x000001dfa573e0a8 sp=0x000000347d1fcd30
Event: 23.704 Thread 0x000001dfb22106b0 DEOPT UNPACKING pc=0x000001dfa50946a2 sp=0x000000347d1fcdc0 mode 2
Event: 23.709 Thread 0x000001dfb22106b0 Uncommon trap: trap_request=0xffffff45 fr.pc=0x000001dfa575ab08 relative=0x0000000000003e08
Event: 23.709 Thread 0x000001dfb22106b0 Uncommon trap: reason=unstable_if action=reinterpret pc=0x000001dfa575ab08 method=com.sun.marlin.Renderer._endRendering(IILcom/sun/marlin/MarlinAlphaConsumer;)V @ 341 c2
Event: 23.709 Thread 0x000001dfb22106b0 DEOPT PACKING pc=0x000001dfa575ab08 sp=0x000000347d1fcd10
Event: 23.709 Thread 0x000001dfb22106b0 DEOPT UNPACKING pc=0x000001dfa50946a2 sp=0x000000347d1fcc60 mode 2

Classes loaded (20 events):
Event: 21.523 Loading class java/text/ParseException
Event: 21.523 Loading class java/text/ParseException done
Event: 21.531 Loading class sun/text/resources/cldr/FormatData_en
Event: 21.532 Loading class sun/text/resources/cldr/FormatData_en done
Event: 21.532 Loading class sun/text/resources/cldr/FormatData_en_US
Event: 21.532 Loading class sun/text/resources/cldr/FormatData_en_US done
Event: 21.644 Loading class java/text/FieldPosition$Delegate
Event: 21.644 Loading class java/text/FieldPosition$Delegate done
Event: 21.644 Loading class jdk/internal/math/FDBigInteger
Event: 21.645 Loading class jdk/internal/math/FDBigInteger done
Event: 21.655 Loading class java/util/ComparableTimSort
Event: 21.655 Loading class java/util/ComparableTimSort done
Event: 23.363 Loading class sun/reflect/generics/tree/BottomSignature
Event: 23.364 Loading class sun/reflect/generics/tree/BottomSignature done
Event: 23.364 Loading class sun/reflect/generics/tree/Wildcard
Event: 23.364 Loading class sun/reflect/generics/tree/Wildcard done
Event: 23.364 Loading class sun/reflect/generics/reflectiveObjects/WildcardTypeImpl
Event: 23.364 Loading class java/lang/reflect/WildcardType
Event: 23.364 Loading class java/lang/reflect/WildcardType done
Event: 23.364 Loading class sun/reflect/generics/reflectiveObjects/WildcardTypeImpl done

Classes unloaded (0 events):
No events

Classes redefined (0 events):
No events

Internal exceptions (20 events):
Event: 1.060 Thread 0x000001dfb220f300 Exception <a 'java/lang/ClassNotFoundException'{0x0000000087b4b1f8}: com/sun/javafx/scene/control/skin/resources/controls_en> (0x0000000087b4b1f8) 
thrown [s\open\src\hotspot\share\prims\jni.cpp, line 539]
Event: 1.060 Thread 0x000001dfb220f300 Exception <a 'java/lang/ClassNotFoundException'{0x0000000087b4c528}: com/sun/javafx/scene/control/skin/resources/controls_en_US> (0x0000000087b4c528) 
thrown [s\open\src\hotspot\share\prims\jni.cpp, line 539]
Event: 1.084 Thread 0x000001dfb220f300 Implicit null exception at 0x000001dfa5614666 to 0x000001dfa5614712
Event: 1.086 Thread 0x000001dfb220f300 Implicit null exception at 0x000001dfa5649240 to 0x000001dfa56494f4
Event: 1.087 Thread 0x000001dfb220f300 Exception <a 'java/lang/NoSuchMethodError'{0x0000000087ae9580}: 'void java.lang.invoke.DirectMethodHandle$Holder.invokeSpecial(java.lang.Object, java.lang.Object, java.lang.Object, java.lang.Object, java.lang.Object, java.lang.Object)'> (0x0000000087ae9580) 
thrown [s\open\src\hotspot\share\interpreter\linkResolver.cpp, line 773]
Event: 1.089 Thread 0x000001dfb220f300 Implicit null exception at 0x000001dfa560e440 to 0x000001dfa560e4c5
Event: 1.176 Thread 0x000001dfb220f300 Exception <a 'java/lang/NoSuchMethodError'{0x00000000899317c0}: 'int java.lang.invoke.DirectMethodHandle$Holder.invokeSpecial(java.lang.Object, java.lang.Object, int)'> (0x00000000899317c0) 
thrown [s\open\src\hotspot\share\interpreter\linkResolver.cpp, line 773]
Event: 1.187 Thread 0x000001dfb220f300 Exception <a 'java/lang/NoSuchMethodError'{0x0000000089983850}: 'java.lang.Object java.lang.invoke.DirectMethodHandle$Holder.newInvokeSpecial(java.lang.Object, java.lang.Object, int)'> (0x0000000089983850) 
thrown [s\open\src\hotspot\share\interpreter\linkResolver.cpp, line 773]
Event: 1.242 Thread 0x000001dfb22106b0 Exception <a 'java/lang/NoSuchMethodError'{0x00000000898a30d8}: 'int java.lang.invoke.DirectMethodHandle$Holder.invokeStaticInit(java.lang.Object, java.lang.Object)'> (0x00000000898a30d8) 
thrown [s\open\src\hotspot\share\interpreter\linkResolver.cpp, line 773]
Event: 1.261 Thread 0x000001dfb22106b0 Exception <a 'java/lang/NoSuchMethodError'{0x000000008979da58}: 'java.lang.Object java.lang.invoke.Invokers$Holder.invokeExact_MT(java.lang.Object, java.lang.Object, java.lang.Object, java.lang.Object, java.lang.Object)'> (0x000000008979da58) 
thrown [s\open\src\hotspot\share\interpreter\linkResolver.cpp, line 773]
Event: 2.165 Thread 0x000001dfb220f300 Exception <a 'java/lang/NoSuchMethodError'{0x0000000089354ee0}: 'long java.lang.invoke.DirectMethodHandle$Holder.invokeStatic(java.lang.Object, java.lang.Object, java.lang.Object)'> (0x0000000089354ee0) 
thrown [s\open\src\hotspot\share\interpreter\linkResolver.cpp, line 773]
Event: 2.165 Thread 0x000001dfb220f300 Exception <a 'java/lang/NoSuchMethodError'{0x00000000893582b0}: 'long java.lang.invoke.DirectMethodHandle$Holder.invokeStaticInit(java.lang.Object, java.lang.Object, java.lang.Object)'> (0x00000000893582b0) 
thrown [s\open\src\hotspot\share\interpreter\linkResolver.cpp, line 773]
Event: 2.166 Thread 0x000001dfb220f300 Exception <a 'java/lang/NoSuchMethodError'{0x000000008936c8a8}: 'java.lang.Object java.lang.invoke.DirectMethodHandle$Holder.newInvokeSpecial(java.lang.Object, java.lang.Object, long)'> (0x000000008936c8a8) 
thrown [s\open\src\hotspot\share\interpreter\linkResolver.cpp, line 773]
Event: 2.167 Thread 0x000001dfb220f300 Exception <a 'java/lang/NoSuchMethodError'{0x00000000893701a0}: 'java.lang.Object java.lang.invoke.Invokers$Holder.linkToTargetMethod(java.lang.Object, long, java.lang.Object)'> (0x00000000893701a0) 
thrown [s\open\src\hotspot\share\interpreter\linkResolver.cpp, line 773]
Event: 21.491 Thread 0x000001dfb220f300 Exception <a 'java/io/FileNotFoundException'{0x000000008903c588}> (0x000000008903c588) 
thrown [s\open\src\hotspot\share\prims\jni.cpp, line 520]
Event: 21.492 Thread 0x000001dfb220f300 Exception <a 'java/io/FileNotFoundException'{0x0000000089040f60}> (0x0000000089040f60) 
thrown [s\open\src\hotspot\share\prims\jni.cpp, line 520]
Event: 21.644 Thread 0x000001dfb220f300 Implicit null exception at 0x000001dfa56c7129 to 0x000001dfa56c71d8
Event: 23.327 Thread 0x000001dfb220f300 Exception <a 'java/io/FileNotFoundException'{0x000000008844f910}> (0x000000008844f910) 
thrown [s\open\src\hotspot\share\prims\jni.cpp, line 520]
Event: 23.329 Thread 0x000001dfb220f300 Exception <a 'java/io/FileNotFoundException'{0x00000000884542e8}> (0x00000000884542e8) 
thrown [s\open\src\hotspot\share\prims\jni.cpp, line 520]
Event: 23.679 Thread 0x000001dfb22106b0 Exception <a 'java/lang/NoSuchMethodError'{0x00000000885d6bf8}: 'java.lang.Object java.lang.invoke.DirectMethodHandle$Holder.invokeStaticInit(java.lang.Object, int)'> (0x00000000885d6bf8) 
thrown [s\open\src\hotspot\share\interpreter\linkResolver.cpp, line 773]

ZGC Phase Switch (0 events):
No events

VM Operations (20 events):
Event: 20.942 Executing VM operation: HandshakeAllThreads (Deoptimize)
Event: 20.942 Executing VM operation: HandshakeAllThreads (Deoptimize) done
Event: 21.514 Executing VM operation: HandshakeAllThreads (Deoptimize)
Event: 21.514 Executing VM operation: HandshakeAllThreads (Deoptimize) done
Event: 21.514 Executing VM operation: Cleanup
Event: 21.514 Executing VM operation: Cleanup done
Event: 21.621 Executing VM operation: HandshakeAllThreads (Deoptimize)
Event: 21.621 Executing VM operation: HandshakeAllThreads (Deoptimize) done
Event: 21.642 Executing VM operation: ICBufferFull
Event: 21.642 Executing VM operation: ICBufferFull done
Event: 21.643 Executing VM operation: HandshakeAllThreads (Deoptimize)
Event: 21.643 Executing VM operation: HandshakeAllThreads (Deoptimize) done
Event: 22.643 Executing VM operation: Cleanup
Event: 22.643 Executing VM operation: Cleanup done
Event: 23.427 Executing VM operation: HandshakeAllThreads (Deoptimize)
Event: 23.427 Executing VM operation: HandshakeAllThreads (Deoptimize) done
Event: 23.509 Executing VM operation: ICBufferFull
Event: 23.510 Executing VM operation: ICBufferFull done
Event: 23.657 Executing VM operation: HandshakeAllThreads (Deoptimize)
Event: 23.657 Executing VM operation: HandshakeAllThreads (Deoptimize) done

Events (20 events):
Event: 0.037 Thread 0x000001dfb1fee620 Thread added: 0x000001dfb1fee620
Event: 0.037 Thread 0x000001dfb1ff2580 Thread added: 0x000001dfb1ff2580
Event: 0.037 Thread 0x000001dfb1ff3310 Thread added: 0x000001dfb1ff3310
Event: 0.037 Thread 0x000001dfb1ffbdc0 Thread added: 0x000001dfb1ffbdc0
Event: 0.055 Thread 0x000001dfb2211a60 Thread added: 0x000001dfb2211a60
Event: 0.091 Thread 0x000001dfb22fa560 Thread added: 0x000001dfb22fa560
Event: 0.093 Thread 0x000001dfb22fb9d0 Thread added: 0x000001dfb22fb9d0
Event: 0.138 Thread 0x000001dfb220f990 Thread added: 0x000001dfb220f990
Event: 0.338 Thread 0x000001dfb22106b0 Thread added: 0x000001dfb22106b0
Event: 0.382 Thread 0x000001dfb220ec70 Thread added: 0x000001dfb220ec70
Event: 0.386 Thread 0x000001dfb220f300 Thread added: 0x000001dfb220f300
Event: 0.457 Thread 0x000001dfb22120f0 Thread added: 0x000001dfb22120f0
Event: 0.468 Thread 0x000001dfb2210020 Thread added: 0x000001dfb2210020
Event: 1.017 Thread 0x000001dfb22113d0 Thread added: 0x000001dfb22113d0
Event: 1.278 Thread 0x000001dfb22fb9d0 Thread exited: 0x000001dfb22fb9d0
Event: 1.287 Thread 0x000001dfb22fa560 Thread exited: 0x000001dfb22fa560
Event: 1.294 Thread 0x000001dff8a5fb60 Thread added: 0x000001dff8a5fb60
Event: 21.513 Thread 0x000001dfb22fa560 Thread added: 0x000001dfb22fa560
Event: 22.516 Thread 0x000001dfb22fa560 Thread exited: 0x000001dfb22fa560
Event: 23.237 Thread 0x000001dfb27bab50 Thread added: 0x000001dfb27bab50


Dynamic libraries:
0x00007ff6bc2e0000 - 0x00007ff6bc2f0000 	C:\Program Files\Java\jdk-21\bin\java.exe
0x00007ff97f970000 - 0x00007ff97fb68000 	C:\WINDOWS\SYSTEM32\ntdll.dll
0x00007ff97e1e0000 - 0x00007ff97e29d000 	C:\WINDOWS\System32\KERNEL32.DLL
0x00007ff97d660000 - 0x00007ff97d956000 	C:\WINDOWS\System32\KERNELBASE.dll
0x00007ff97d050000 - 0x00007ff97d150000 	C:\WINDOWS\System32\ucrtbase.dll
0x00007ff968550000 - 0x00007ff96856b000 	C:\Program Files\Java\jdk-21\bin\VCRUNTIME140.dll
0x00007ff976ed0000 - 0x00007ff976ee9000 	C:\Program Files\Java\jdk-21\bin\jli.dll
0x00007ff97e130000 - 0x00007ff97e1df000 	C:\WINDOWS\System32\ADVAPI32.dll
0x00007ff97e8f0000 - 0x00007ff97e98e000 	C:\WINDOWS\System32\msvcrt.dll
0x00007ff97e850000 - 0x00007ff97e8ec000 	C:\WINDOWS\System32\sechost.dll
0x00007ff97e680000 - 0x00007ff97e7a6000 	C:\WINDOWS\System32\RPCRT4.dll
0x00007ff97e2a0000 - 0x00007ff97e43e000 	C:\WINDOWS\System32\USER32.dll
0x00007ff97d630000 - 0x00007ff97d652000 	C:\WINDOWS\System32\win32u.dll
0x00007ff95ccb0000 - 0x00007ff95cf4a000 	C:\WINDOWS\WinSxS\amd64_microsoft.windows.common-controls_6595b64144ccf1df_6.0.19041.3636_none_60b6a03d71f818d5\COMCTL32.dll
0x00007ff97ea40000 - 0x00007ff97ea6c000 	C:\WINDOWS\System32\GDI32.dll
0x00007ff97d230000 - 0x00007ff97d34a000 	C:\WINDOWS\System32\gdi32full.dll
0x00007ff97d350000 - 0x00007ff97d3ed000 	C:\WINDOWS\System32\msvcp_win.dll
0x00007ff975be0000 - 0x00007ff975bea000 	C:\WINDOWS\SYSTEM32\VERSION.dll
0x00007ff97db60000 - 0x00007ff97db90000 	C:\WINDOWS\System32\IMM32.DLL
0x00007ff976e90000 - 0x00007ff976e9c000 	C:\Program Files\Java\jdk-21\bin\vcruntime140_1.dll
0x00007ff93edf0000 - 0x00007ff93ee7e000 	C:\Program Files\Java\jdk-21\bin\msvcp140.dll
0x00007ff91f730000 - 0x00007ff920445000 	C:\Program Files\Java\jdk-21\bin\server\jvm.dll
0x00007ff97e580000 - 0x00007ff97e5eb000 	C:\WINDOWS\System32\WS2_32.dll
0x00007ff97c600000 - 0x00007ff97c64b000 	C:\WINDOWS\SYSTEM32\POWRPROF.dll
0x00007ff9599a0000 - 0x00007ff9599c7000 	C:\WINDOWS\SYSTEM32\WINMM.dll
0x00007ff97c470000 - 0x00007ff97c482000 	C:\WINDOWS\SYSTEM32\UMPDC.dll
0x00007ff97af10000 - 0x00007ff97af22000 	C:\WINDOWS\SYSTEM32\kernel.appcore.dll
0x00007ff976d70000 - 0x00007ff976d7a000 	C:\Program Files\Java\jdk-21\bin\jimage.dll
0x00007ff97a820000 - 0x00007ff97aa04000 	C:\WINDOWS\SYSTEM32\DBGHELP.DLL
0x00007ff972080000 - 0x00007ff9720b4000 	C:\WINDOWS\SYSTEM32\dbgcore.DLL
0x00007ff97d150000 - 0x00007ff97d1d2000 	C:\WINDOWS\System32\bcryptPrimitives.dll
0x00007ff965820000 - 0x00007ff96583f000 	C:\Program Files\Java\jdk-21\bin\java.dll
0x00007ff97f1e0000 - 0x00007ff97f925000 	C:\WINDOWS\System32\SHELL32.dll
0x00007ff97b110000 - 0x00007ff97b8ab000 	C:\WINDOWS\SYSTEM32\windows.storage.dll
0x00007ff97db90000 - 0x00007ff97dee4000 	C:\WINDOWS\System32\combase.dll
0x00007ff97ca90000 - 0x00007ff97cabd000 	C:\WINDOWS\SYSTEM32\Wldp.dll
0x00007ff97e990000 - 0x00007ff97ea3d000 	C:\WINDOWS\System32\SHCORE.dll
0x00007ff97db00000 - 0x00007ff97db55000 	C:\WINDOWS\System32\shlwapi.dll
0x00007ff97cf80000 - 0x00007ff97cfa5000 	C:\WINDOWS\SYSTEM32\profapi.dll
0x00007ff943240000 - 0x00007ff943317000 	C:\Program Files\Java\jdk-21\bin\jsvml.dll
0x00007ff968540000 - 0x00007ff968550000 	C:\Program Files\Java\jdk-21\bin\net.dll
0x00007ff9758c0000 - 0x00007ff9759ca000 	C:\WINDOWS\SYSTEM32\WINHTTP.dll
0x00007ff97c7f0000 - 0x00007ff97c85a000 	C:\WINDOWS\system32\mswsock.dll
0x00007ff960f70000 - 0x00007ff960f86000 	C:\Program Files\Java\jdk-21\bin\nio.dll
0x00007ff9601f0000 - 0x00007ff960208000 	C:\Program Files\Java\jdk-21\bin\zip.dll
0x000001df95670000 - 0x000001df95673000 	C:\Users\Aman and Rhanee\Downloads\javafx-sdk-21.0.1\bin\api-ms-win-core-console-l1-1-0.dll
0x000001dfb2d50000 - 0x000001dfb2d53000 	C:\Users\Aman and Rhanee\Downloads\javafx-sdk-21.0.1\bin\api-ms-win-core-console-l1-2-0.dll
0x000001dfb2d60000 - 0x000001dfb2d63000 	C:\Users\Aman and Rhanee\Downloads\javafx-sdk-21.0.1\bin\api-ms-win-core-datetime-l1-1-0.dll
0x000001dfb2d70000 - 0x000001dfb2d73000 	C:\Users\Aman and Rhanee\Downloads\javafx-sdk-21.0.1\bin\api-ms-win-core-debug-l1-1-0.dll
0x000001dfb2d80000 - 0x000001dfb2d83000 	C:\Users\Aman and Rhanee\Downloads\javafx-sdk-21.0.1\bin\api-ms-win-core-errorhandling-l1-1-0.dll
0x000001dfb2d90000 - 0x000001dfb2d94000 	C:\Users\Aman and Rhanee\Downloads\javafx-sdk-21.0.1\bin\api-ms-win-core-file-l1-1-0.dll
0x000001dfb2ff0000 - 0x000001dfb2ff3000 	C:\Users\Aman and Rhanee\Downloads\javafx-sdk-21.0.1\bin\api-ms-win-core-file-l1-2-0.dll
0x000001dff8fd0000 - 0x000001dff8fd3000 	C:\Users\Aman and Rhanee\Downloads\javafx-sdk-21.0.1\bin\api-ms-win-core-file-l2-1-0.dll
0x000001dff8fe0000 - 0x000001dff8fe3000 	C:\Users\Aman and Rhanee\Downloads\javafx-sdk-21.0.1\bin\api-ms-win-core-handle-l1-1-0.dll
0x000001dfb2da0000 - 0x000001dfb2da3000 	C:\Users\Aman and Rhanee\Downloads\javafx-sdk-21.0.1\bin\api-ms-win-core-heap-l1-1-0.dll
0x000001dfb2db0000 - 0x000001dfb2db3000 	C:\Users\Aman and Rhanee\Downloads\javafx-sdk-21.0.1\bin\api-ms-win-core-interlocked-l1-1-0.dll
0x000001dfb2dc0000 - 0x000001dfb2dc3000 	C:\Users\Aman and Rhanee\Downloads\javafx-sdk-21.0.1\bin\api-ms-win-core-libraryloader-l1-1-0.dll
0x000001dfb2dd0000 - 0x000001dfb2dd3000 	C:\Users\Aman and Rhanee\Downloads\javafx-sdk-21.0.1\bin\api-ms-win-core-localization-l1-2-0.dll
0x000001dfb2de0000 - 0x000001dfb2de3000 	C:\Users\Aman and Rhanee\Downloads\javafx-sdk-21.0.1\bin\api-ms-win-core-memory-l1-1-0.dll
0x000001dfb2df0000 - 0x000001dfb2df3000 	C:\Users\Aman and Rhanee\Downloads\javafx-sdk-21.0.1\bin\api-ms-win-core-namedpipe-l1-1-0.dll
0x000001dfb2e00000 - 0x000001dfb2e03000 	C:\Users\Aman and Rhanee\Downloads\javafx-sdk-21.0.1\bin\api-ms-win-core-processenvironment-l1-1-0.dll
0x000001dfb2e10000 - 0x000001dfb2e13000 	C:\Users\Aman and Rhanee\Downloads\javafx-sdk-21.0.1\bin\api-ms-win-core-processthreads-l1-1-0.dll
0x000001dfb2e20000 - 0x000001dfb2e23000 	C:\Users\Aman and Rhanee\Downloads\javafx-sdk-21.0.1\bin\api-ms-win-core-processthreads-l1-1-1.dll
0x000001dfb2e30000 - 0x000001dfb2e33000 	C:\Users\Aman and Rhanee\Downloads\javafx-sdk-21.0.1\bin\api-ms-win-core-profile-l1-1-0.dll
0x000001dfb2e40000 - 0x000001dfb2e43000 	C:\Users\Aman and Rhanee\Downloads\javafx-sdk-21.0.1\bin\api-ms-win-core-rtlsupport-l1-1-0.dll
0x000001dfb2e50000 - 0x000001dfb2e53000 	C:\Users\Aman and Rhanee\Downloads\javafx-sdk-21.0.1\bin\api-ms-win-core-string-l1-1-0.dll
0x000001dfb2e60000 - 0x000001dfb2e63000 	C:\Users\Aman and Rhanee\Downloads\javafx-sdk-21.0.1\bin\api-ms-win-core-synch-l1-1-0.dll
0x000001dfb2e70000 - 0x000001dfb2e73000 	C:\Users\Aman and Rhanee\Downloads\javafx-sdk-21.0.1\bin\api-ms-win-core-synch-l1-2-0.dll
0x000001dfb2e80000 - 0x000001dfb2e83000 	C:\Users\Aman and Rhanee\Downloads\javafx-sdk-21.0.1\bin\api-ms-win-core-sysinfo-l1-1-0.dll
0x000001dfb2fd0000 - 0x000001dfb2fd3000 	C:\Users\Aman and Rhanee\Downloads\javafx-sdk-21.0.1\bin\api-ms-win-core-timezone-l1-1-0.dll
0x000001dfb2e90000 - 0x000001dfb2e93000 	C:\Users\Aman and Rhanee\Downloads\javafx-sdk-21.0.1\bin\api-ms-win-core-util-l1-1-0.dll
0x000001dfb2ea0000 - 0x000001dfb2ea3000 	C:\Users\Aman and Rhanee\Downloads\javafx-sdk-21.0.1\bin\api-ms-win-crt-conio-l1-1-0.dll
0x000001dfb2eb0000 - 0x000001dfb2eb4000 	C:\Users\Aman and Rhanee\Downloads\javafx-sdk-21.0.1\bin\api-ms-win-crt-convert-l1-1-0.dll
0x000001dfb2ec0000 - 0x000001dfb2ec3000 	C:\Users\Aman and Rhanee\Downloads\javafx-sdk-21.0.1\bin\api-ms-win-crt-environment-l1-1-0.dll
0x000001dfb2ed0000 - 0x000001dfb2ed3000 	C:\Users\Aman and Rhanee\Downloads\javafx-sdk-21.0.1\bin\api-ms-win-crt-filesystem-l1-1-0.dll
0x000001dfb2ee0000 - 0x000001dfb2ee3000 	C:\Users\Aman and Rhanee\Downloads\javafx-sdk-21.0.1\bin\api-ms-win-crt-heap-l1-1-0.dll
0x000001dfb2ef0000 - 0x000001dfb2ef3000 	C:\Users\Aman and Rhanee\Downloads\javafx-sdk-21.0.1\bin\api-ms-win-crt-locale-l1-1-0.dll
0x000001dfb2f00000 - 0x000001dfb2f05000 	C:\Users\Aman and Rhanee\Downloads\javafx-sdk-21.0.1\bin\api-ms-win-crt-math-l1-1-0.dll
0x000001dfb2f10000 - 0x000001dfb2f15000 	C:\Users\Aman and Rhanee\Downloads\javafx-sdk-21.0.1\bin\api-ms-win-crt-multibyte-l1-1-0.dll
0x000001dfb2f20000 - 0x000001dfb2f30000 	C:\Users\Aman and Rhanee\Downloads\javafx-sdk-21.0.1\bin\api-ms-win-crt-private-l1-1-0.dll
0x000001dfb2f30000 - 0x000001dfb2f33000 	C:\Users\Aman and Rhanee\Downloads\javafx-sdk-21.0.1\bin\api-ms-win-crt-process-l1-1-0.dll
0x000001dfb2f40000 - 0x000001dfb2f44000 	C:\Users\Aman and Rhanee\Downloads\javafx-sdk-21.0.1\bin\api-ms-win-crt-runtime-l1-1-0.dll
0x000001dfb2f50000 - 0x000001dfb2f54000 	C:\Users\Aman and Rhanee\Downloads\javafx-sdk-21.0.1\bin\api-ms-win-crt-stdio-l1-1-0.dll
0x000001dfb2f60000 - 0x000001dfb2f64000 	C:\Users\Aman and Rhanee\Downloads\javafx-sdk-21.0.1\bin\api-ms-win-crt-string-l1-1-0.dll
0x000001dfb2f70000 - 0x000001dfb2f73000 	C:\Users\Aman and Rhanee\Downloads\javafx-sdk-21.0.1\bin\api-ms-win-crt-time-l1-1-0.dll
0x000001dfb2f80000 - 0x000001dfb2f83000 	C:\Users\Aman and Rhanee\Downloads\javafx-sdk-21.0.1\bin\api-ms-win-crt-utility-l1-1-0.dll
0x00007ff948460000 - 0x00007ff94855c000 	C:\Users\Aman and Rhanee\Downloads\javafx-sdk-21.0.1\bin\ucrtbase.dll
0x00007ff969790000 - 0x00007ff9697ab000 	C:\Users\Aman and Rhanee\Downloads\javafx-sdk-21.0.1\bin\vcruntime140.dll
0x00007ff977840000 - 0x00007ff97784c000 	C:\Users\Aman and Rhanee\Downloads\javafx-sdk-21.0.1\bin\vcruntime140_1.dll
0x00007ff9483d0000 - 0x00007ff94845e000 	C:\Users\Aman and Rhanee\Downloads\javafx-sdk-21.0.1\bin\msvcp140.dll
0x00007ff97d9d0000 - 0x00007ff97dafb000 	C:\WINDOWS\System32\ole32.dll
0x00007ff9777f0000 - 0x00007ff9777f9000 	C:\Users\Aman and Rhanee\Downloads\javafx-sdk-21.0.1\bin\msvcp140_1.dll
0x00007ff969500000 - 0x00007ff96952f000 	C:\Users\Aman and Rhanee\Downloads\javafx-sdk-21.0.1\bin\msvcp140_2.dll
0x00007ff954650000 - 0x00007ff95467f000 	C:\Users\Aman and Rhanee\Downloads\javafx-sdk-21.0.1\bin\prism_d3d.dll
0x00007ff9682b0000 - 0x00007ff96847d000 	C:\WINDOWS\system32\d3d9.dll
0x00007ff97ac20000 - 0x00007ff97ac4f000 	C:\WINDOWS\SYSTEM32\dwmapi.dll
0x00007ff97a620000 - 0x00007ff97a6be000 	C:\WINDOWS\system32\uxtheme.dll
0x00007ff9278b0000 - 0x00007ff927a13000 	C:\WINDOWS\System32\DriverStore\FileRepository\iigd_dch.inf_amd64_7d90afac159f566c\igdumdim64.dll
0x00007ff8ca910000 - 0x00007ff8ce352000 	C:\WINDOWS\System32\DriverStore\FileRepository\iigd_dch.inf_amd64_7d90afac159f566c\igd9dxva64.dll
0x00007ff97dfa0000 - 0x00007ff97e06d000 	C:\WINDOWS\System32\OLEAUT32.dll
0x00007ff97ea70000 - 0x00007ff97eede000 	C:\WINDOWS\System32\SETUPAPI.dll
0x00007ff97d1e0000 - 0x00007ff97d22e000 	C:\WINDOWS\System32\cfgmgr32.dll
0x00007ff97d550000 - 0x00007ff97d577000 	C:\WINDOWS\System32\bcrypt.dll
0x00007ff96d550000 - 0x00007ff96d78f000 	C:\WINDOWS\System32\DriverStore\FileRepository\iigd_dch.inf_amd64_7d90afac159f566c\igdgmm64.dll
0x00007ff948380000 - 0x00007ff9483c2000 	C:\Users\Aman and Rhanee\Downloads\javafx-sdk-21.0.1\bin\glass.dll
0x00007ff97f0f0000 - 0x00007ff97f1ca000 	C:\WINDOWS\System32\COMDLG32.dll
0x00007ff97e460000 - 0x00007ff97e574000 	C:\WINDOWS\System32\MSCTF.dll
0x00007ff975820000 - 0x00007ff975847000 	C:\WINDOWS\System32\DriverStore\FileRepository\iigd_dch.inf_amd64_7d90afac159f566c\igdinfo64.dll
0x00007ff97c9e0000 - 0x00007ff97c9f8000 	C:\WINDOWS\SYSTEM32\CRYPTSP.dll
0x00007ff97c0b0000 - 0x00007ff97c0e4000 	C:\WINDOWS\system32\rsaenh.dll
0x00007ff97ca00000 - 0x00007ff97ca0c000 	C:\WINDOWS\SYSTEM32\CRYPTBASE.dll
0x00007ff96a980000 - 0x00007ff96d549000 	C:\WINDOWS\System32\DriverStore\FileRepository\iigd_dch.inf_amd64_7d90afac159f566c\igc64.dll
0x00007ff96ee90000 - 0x00007ff96eecb000 	C:\WINDOWS\SYSTEM32\dxcore.dll
0x00007ff9696f0000 - 0x00007ff969704000 	C:\Users\Aman and Rhanee\Downloads\javafx-sdk-21.0.1\bin\javafx_font.dll
0x00007ff953550000 - 0x00007ff9537cf000 	C:\WINDOWS\SYSTEM32\dwrite.dll
0x00007ff97def0000 - 0x00007ff97df99000 	C:\WINDOWS\System32\clbcatq.dll
0x00007ff970380000 - 0x00007ff970534000 	C:\WINDOWS\SYSTEM32\WindowsCodecs.dll
0x00007ff964fa0000 - 0x00007ff964fde000 	C:\WINDOWS\system32\dataexchange.dll
0x00007ff9784d0000 - 0x00007ff978733000 	C:\WINDOWS\system32\d3d11.dll
0x00007ff979430000 - 0x00007ff979613000 	C:\WINDOWS\system32\dcomp.dll
0x00007ff97b910000 - 0x00007ff97ba03000 	C:\WINDOWS\system32\dxgi.dll
0x00007ff974c20000 - 0x00007ff974e23000 	C:\WINDOWS\system32\twinapi.appcore.dll
0x00007ff954610000 - 0x00007ff954644000 	C:\Program Files\Common Files\Microsoft Shared\Ink\rtscom.dll
0x00007ff968c80000 - 0x00007ff968d79000 	C:\WINDOWS\SYSTEM32\textinputframework.dll
0x00007ff979be0000 - 0x00007ff979f3b000 	C:\WINDOWS\System32\CoreUIComponents.dll
0x00007ff97a0b0000 - 0x00007ff97a1a2000 	C:\WINDOWS\System32\CoreMessaging.dll
0x00007ff97c1d0000 - 0x00007ff97c203000 	C:\WINDOWS\SYSTEM32\ntmarta.dll
0x00007ff979160000 - 0x00007ff9792b5000 	C:\WINDOWS\SYSTEM32\wintypes.dll

dbghelp: loaded successfully - version: 4.0.5 - missing functions: none
symbol engine: initialized successfully - sym options: 0x614 - pdb path: .;C:\Program Files\Java\jdk-21\bin;C:\WINDOWS\SYSTEM32;C:\WINDOWS\WinSxS\amd64_microsoft.windows.common-controls_6595b64144ccf1df_6.0.19041.3636_none_60b6a03d71f818d5;C:\Program Files\Java\jdk-21\bin\server;C:\Users\Aman and Rhanee\Downloads\javafx-sdk-21.0.1\bin;C:\WINDOWS\System32\DriverStore\FileRepository\iigd_dch.inf_amd64_7d90afac159f566c;C:\Program Files\Common Files\Microsoft Shared\Ink

VM Arguments:
jvm_args: -Dfile.encoding=UTF-8 --module-path=C:\Users\Aman and Rhanee\Downloads\javafx-sdk-21.0.1\lib --add-modules=javafx.controls,javafx.fxml 
java_command: javafxtesting.JavaFXTesting
java_class_path (initial): C:\Users\Aman and Rhanee\Downloads\javafx-sdk-21.0.1\lib\javafx-swt.jar;C:\Users\Aman and Rhanee\Downloads\javafx-sdk-21.0.1\lib\javafx.base.jar;C:\Users\Aman and Rhanee\Downloads\javafx-sdk-21.0.1\lib\javafx.controls.jar;C:\Users\Aman and Rhanee\Downloads\javafx-sdk-21.0.1\lib\javafx.fxml.jar;C:\Users\Aman and Rhanee\Downloads\javafx-sdk-21.0.1\lib\javafx.graphics.jar;C:\Users\Aman and Rhanee\Downloads\javafx-sdk-21.0.1\lib\javafx.media.jar;C:\Users\Aman and Rhanee\Downloads\javafx-sdk-21.0.1\lib\javafx.swing.jar;C:\Users\Aman and Rhanee\Downloads\javafx-sdk-21.0.1\lib\javafx.web.jar;C:\Users\Aman and Rhanee\Documents\NetBeansProjects\JavaFXTesting\build\classes
Launcher Type: SUN_STANDARD

[Global flags]
     intx CICompilerCount                          = 4                                         {product} {ergonomic}
     uint ConcGCThreads                            = 2                                         {product} {ergonomic}
     uint G1ConcRefinementThreads                  = 8                                         {product} {ergonomic}
   size_t G1HeapRegionSize                         = 1048576                                   {product} {ergonomic}
    uintx GCDrainStackTargetSize                   = 64                                        {product} {ergonomic}
   size_t InitialHeapSize                          = 134217728                                 {product} {ergonomic}
   size_t MarkStackSize                            = 4194304                                   {product} {ergonomic}
   size_t MaxHeapSize                              = 2116026368                                {product} {ergonomic}
   size_t MaxNewSize                               = 1268776960                                {product} {ergonomic}
   size_t MinHeapDeltaBytes                        = 1048576                                   {product} {ergonomic}
   size_t MinHeapSize                              = 8388608                                   {product} {ergonomic}
    uintx NonNMethodCodeHeapSize                   = 5839372                                {pd product} {ergonomic}
    uintx NonProfiledCodeHeapSize                  = 122909434                              {pd product} {ergonomic}
    uintx ProfiledCodeHeapSize                     = 122909434                              {pd product} {ergonomic}
    uintx ReservedCodeCacheSize                    = 251658240                              {pd product} {ergonomic}
     bool SegmentedCodeCache                       = true                                      {product} {ergonomic}
   size_t SoftMaxHeapSize                          = 2116026368                             {manageable} {ergonomic}
     bool UseCompressedOops                        = true                           {product lp64_product} {ergonomic}
     bool UseG1GC                                  = true                                      {product} {ergonomic}
     bool UseLargePagesIndividualAllocation        = false                                  {pd product} {ergonomic}

Logging:
Log output configuration:
 #0: stdout all=warning uptime,level,tags foldmultilines=false
 #1: stderr all=off uptime,level,tags foldmultilines=false

Environment Variables:
PATH=C:\Program Files\Common Files\Oracle\Java\javapath;C:\ProgramData\Oracle\Java\javapath;C:\Windows\system32;C:\Windows;C:\Windows\System32\Wbem;C:\Windows\System32\WindowsPowerShell\v1.0\;C:\Windows\System32\OpenSSH\;C:\Program Files\NVIDIA Corporation\NVIDIA NvDLISR;C:\WINDOWS\system32;C:\WINDOWS;C:\WINDOWS\System32\Wbem;C:\WINDOWS\System32\WindowsPowerShell\v1.0\;C:\WINDOWS\System32\OpenSSH\;C:\Program Files (x86)\NVIDIA Corporation\PhysX\Common;C:\Program Files\MATLAB\R2022b\runtime\win64;C:\WINDOWS\system32;C:\WINDOWS;C:\WINDOWS\System32\Wbem;C:\WINDOWS\System32\WindowsPowerShell\v1.0\;C:\WINDOWS\System32\OpenSSH\;C:\Program Files\Git\cmd;C:\Users\Aman and Rhanee\AppData\Local\Microsoft\WindowsApps
USERNAME=Aman and Rhanee
OS=Windows_NT
PROCESSOR_IDENTIFIER=Intel64 Family 6 Model 158 Stepping 10, GenuineIntel
TMP=C:\Users\AMANAN~1\AppData\Local\Temp
TEMP=C:\Users\AMANAN~1\AppData\Local\Temp




Periodic native trim disabled

---------------  S Y S T E M  ---------------

OS:
 Windows 10 , 64 bit Build 19041 (10.0.19041.3636)
OS uptime: 16 days 19:00 hours

CPU: total 8 (initial active 8) (4 cores per cpu, 2 threads per core) family 6 model 158 stepping 10 microcode 0xde, cx8, cmov, fxsr, ht, mmx, 3dnowpref, sse, sse2, sse3, ssse3, sse4.1, sse4.2, popcnt, lzcnt, tsc, tscinvbit, avx, avx2, aes, erms, clmul, bmi1, bmi2, adx, fma, vzeroupper, clflush, clflushopt, rdtscp, f16c
Processor Information for all 8 processors :
  Max Mhz: 2304, Current Mhz: 2304, Mhz Limit: 2304

Memory: 4k page, system-wide physical 8066M (600M free)
TotalPageFile size 32642M (AvailPageFile size 9M)
current process WorkingSet (physical memory assigned to process): 213M, peak: 213M
current process commit charge ("private bytes"): 321M, peak: 323M

vm_info: Java HotSpot(TM) 64-Bit Server VM (21.0.1+12-LTS-29) for windows-amd64 JRE (21.0.1+12-LTS-29), built on 2023-10-05T13:27:09Z by "mach5one" with MS VC++ 17.1 (VS2022)

END.
